2026-02-19 11:03:01 [INFO] mon_monitor: === 开始采集轮次 2026-02-19T03:03:01.034135+00:00 ===
2026-02-19 11:03:01 [INFO] mon_monitor.collector: 开始采集 binance ...
2026-02-19 11:03:01 [WARNING] mon_monitor.collector: 第 1/3 次请求失败 (ConnectionError): HTTPSConnectionPool(host='fapi.binance.com', port=443): Max retries exceeded with url: /fapi/v1/ticker/price?symbol=MONU，等待 1.0 秒
2026-02-19 11:03:02 [WARNING] mon_monitor.collector: 第 2/3 次请求失败 (ConnectionError): HTTPSConnectionPool(host='fapi.binance.com', port=443): Max retries exceeded with url: /fapi/v1/ticker/price?symbol=MONU，等待 2.0 秒
2026-02-19 11:03:04 [WARNING] mon_monitor.collector: 第 3/3 次请求失败 (ConnectionError): HTTPSConnectionPool(host='fapi.binance.com', port=443): Max retries exceeded with url: /fapi/v1/ticker/price?symbol=MONU，等待 4.0 秒
2026-02-19 11:03:08 [WARNING] mon_monitor.collector: binance 不支持 symbol MONUSDT，标记为 missing_market
2026-02-19 11:03:08 [WARNING] mon_monitor.collector: binance: missing_market (symbol=MONUSDT)
2026-02-19 11:03:08 [INFO] mon_monitor.collector: 开始采集 okx ...
2026-02-19 11:03:08 [WARNING] mon_monitor.collector: 第 1/3 次请求失败 (ConnectionError): HTTPSConnectionPool(host='app.okx.com', port=443): Max retries exceeded with url: /api/v5/public/instruments?instType=SW，等待 1.0 秒
2026-02-19 11:03:09 [WARNING] mon_monitor.collector: 第 2/3 次请求失败 (ConnectionError): HTTPSConnectionPool(host='app.okx.com', port=443): Max retries exceeded with url: /api/v5/public/instruments?instType=SW，等待 2.0 秒
2026-02-19 11:03:11 [WARNING] mon_monitor.collector: 第 3/3 次请求失败 (ConnectionError): HTTPSConnectionPool(host='app.okx.com', port=443): Max retries exceeded with url: /api/v5/public/instruments?instType=SW，等待 4.0 秒
2026-02-19 11:03:15 [WARNING] mon_monitor.collector: 第 1/3 次请求失败 (ConnectionError): HTTPSConnectionPool(host='www.okx.com', port=443): Max retries exceeded with url: /api/v5/public/instruments?instType=SW，等待 1.0 秒
2026-02-19 11:03:16 [WARNING] mon_monitor.collector: 第 2/3 次请求失败 (ConnectionError): HTTPSConnectionPool(host='www.okx.com', port=443): Max retries exceeded with url: /api/v5/public/instruments?instType=SW，等待 2.0 秒
2026-02-19 11:03:18 [WARNING] mon_monitor.collector: 第 3/3 次请求失败 (ConnectionError): HTTPSConnectionPool(host='www.okx.com', port=443): Max retries exceeded with url: /api/v5/public/instruments?instType=SW，等待 4.0 秒
2026-02-19 11:03:22 [WARNING] mon_monitor.collector: 第 1/3 次请求失败 (ConnectionError): HTTPSConnectionPool(host='my.okx.com', port=443): Max retries exceeded with url: /api/v5/public/instruments?instType=SWA，等待 1.0 秒
2026-02-19 11:03:23 [WARNING] mon_monitor.collector: 第 2/3 次请求失败 (ConnectionError): HTTPSConnectionPool(host='my.okx.com', port=443): Max retries exceeded with url: /api/v5/public/instruments?instType=SWA，等待 2.0 秒
2026-02-19 11:03:25 [WARNING] mon_monitor.collector: 第 3/3 次请求失败 (ConnectionError): HTTPSConnectionPool(host='my.okx.com', port=443): Max retries exceeded with url: /api/v5/public/instruments?instType=SWA，等待 4.0 秒
2026-02-19 11:03:29 [WARNING] mon_monitor.collector: okx verify 失败 (symbol=MON-USDT-SWAP): network_error:ConnectionError
2026-02-19 11:03:29 [WARNING] mon_monitor.collector: okx: missing_market (symbol=MON-USDT-SWAP)
2026-02-19 11:03:29 [INFO] mon_monitor.collector: 开始采集 bybit ...
2026-02-19 11:03:29 [WARNING] mon_monitor.collector: 第 1/3 次请求失败 (ConnectionError): HTTPSConnectionPool(host='api.bytick.com', port=443): Max retries exceeded with url: /v5/market/instruments-info?categor，等待 1.0 秒
2026-02-19 11:03:30 [WARNING] mon_monitor.collector: 第 2/3 次请求失败 (ConnectionError): HTTPSConnectionPool(host='api.bytick.com', port=443): Max retries exceeded with url: /v5/market/instruments-info?categor，等待 2.0 秒
2026-02-19 11:03:32 [WARNING] mon_monitor.collector: 第 3/3 次请求失败 (ConnectionError): HTTPSConnectionPool(host='api.bytick.com', port=443): Max retries exceeded with url: /v5/market/instruments-info?categor，等待 4.0 秒
2026-02-19 11:03:36 [WARNING] mon_monitor.collector: bybit 不支持 symbol MONUSDT，标记为 missing_market
2026-02-19 11:03:36 [WARNING] mon_monitor.collector: bybit: missing_market (symbol=MONUSDT)
2026-02-19 11:03:36 [INFO] mon_monitor: === 轮次完成 ===
2026-02-19 11:41:07 [INFO] mon_monitor: === 开始采集轮次 2026-02-19T03:41:07.097325+00:00 ===
2026-02-19 11:41:07 [INFO] mon_monitor.collector: 开始采集 binance ...
2026-02-19 11:41:07 [WARNING] mon_monitor.collector: 第 1/3 次请求失败 (ConnectionError): HTTPSConnectionPool(host='fapi.binance.com', port=443): Max retries exceeded with url: /fapi/v1/ticker/price?symbol=MONU，等待 1.0 秒
2026-02-19 11:41:08 [WARNING] mon_monitor.collector: 第 2/3 次请求失败 (ConnectionError): HTTPSConnectionPool(host='fapi.binance.com', port=443): Max retries exceeded with url: /fapi/v1/ticker/price?symbol=MONU，等待 2.0 秒
2026-02-19 11:41:10 [WARNING] mon_monitor.collector: 第 3/3 次请求失败 (ConnectionError): HTTPSConnectionPool(host='fapi.binance.com', port=443): Max retries exceeded with url: /fapi/v1/ticker/price?symbol=MONU，等待 4.0 秒
2026-02-19 11:41:14 [WARNING] mon_monitor.collector: binance 不支持 symbol MONUSDT，标记为 missing_market
2026-02-19 11:41:14 [WARNING] mon_monitor.collector: binance: missing_market (symbol=MONUSDT)
2026-02-19 11:41:14 [INFO] mon_monitor.collector: 开始采集 okx ...
2026-02-19 11:41:14 [WARNING] mon_monitor.collector: 第 1/3 次请求失败 (ConnectionError): HTTPSConnectionPool(host='app.okx.com', port=443): Max retries exceeded with url: /api/v5/public/instruments?instType=SW，等待 1.0 秒
2026-02-19 11:41:15 [WARNING] mon_monitor.collector: 第 2/3 次请求失败 (ConnectionError): HTTPSConnectionPool(host='app.okx.com', port=443): Max retries exceeded with url: /api/v5/public/instruments?instType=SW，等待 2.0 秒
2026-02-19 11:41:17 [WARNING] mon_monitor.collector: 第 3/3 次请求失败 (ConnectionError): HTTPSConnectionPool(host='app.okx.com', port=443): Max retries exceeded with url: /api/v5/public/instruments?instType=SW，等待 4.0 秒
2026-02-19 11:41:21 [WARNING] mon_monitor.collector: 第 1/3 次请求失败 (ConnectionError): HTTPSConnectionPool(host='www.okx.com', port=443): Max retries exceeded with url: /api/v5/public/instruments?instType=SW，等待 1.0 秒
2026-02-19 11:41:22 [WARNING] mon_monitor.collector: 第 2/3 次请求失败 (ConnectionError): HTTPSConnectionPool(host='www.okx.com', port=443): Max retries exceeded with url: /api/v5/public/instruments?instType=SW，等待 2.0 秒
2026-02-19 11:41:24 [WARNING] mon_monitor.collector: 第 3/3 次请求失败 (ConnectionError): HTTPSConnectionPool(host='www.okx.com', port=443): Max retries exceeded with url: /api/v5/public/instruments?instType=SW，等待 4.0 秒
2026-02-19 11:41:28 [WARNING] mon_monitor.collector: 第 1/3 次请求失败 (ConnectionError): HTTPSConnectionPool(host='my.okx.com', port=443): Max retries exceeded with url: /api/v5/public/instruments?instType=SWA，等待 1.0 秒
2026-02-19 11:41:29 [WARNING] mon_monitor.collector: 第 2/3 次请求失败 (ConnectionError): HTTPSConnectionPool(host='my.okx.com', port=443): Max retries exceeded with url: /api/v5/public/instruments?instType=SWA，等待 2.0 秒
2026-02-19 11:41:31 [WARNING] mon_monitor.collector: 第 3/3 次请求失败 (ConnectionError): HTTPSConnectionPool(host='my.okx.com', port=443): Max retries exceeded with url: /api/v5/public/instruments?instType=SWA，等待 4.0 秒
2026-02-19 11:41:35 [WARNING] mon_monitor.collector: okx verify 失败 (symbol=MON-USDT-SWAP): network_error:ConnectionError
2026-02-19 11:41:35 [WARNING] mon_monitor.collector: okx: missing_market (symbol=MON-USDT-SWAP)
2026-02-19 11:41:35 [INFO] mon_monitor.collector: 开始采集 bybit ...
2026-02-19 11:41:35 [WARNING] mon_monitor.collector: 第 1/3 次请求失败 (ConnectionError): HTTPSConnectionPool(host='api.bytick.com', port=443): Max retries exceeded with url: /v5/market/instruments-info?categor，等待 1.0 秒
2026-02-19 11:41:36 [WARNING] mon_monitor.collector: 第 2/3 次请求失败 (ConnectionError): HTTPSConnectionPool(host='api.bytick.com', port=443): Max retries exceeded with url: /v5/market/instruments-info?categor，等待 2.0 秒
2026-02-19 11:41:38 [WARNING] mon_monitor.collector: 第 3/3 次请求失败 (ConnectionError): HTTPSConnectionPool(host='api.bytick.com', port=443): Max retries exceeded with url: /v5/market/instruments-info?categor，等待 4.0 秒
2026-02-19 11:41:42 [WARNING] mon_monitor.collector: bybit 不支持 symbol MONUSDT，标记为 missing_market
2026-02-19 11:41:42 [WARNING] mon_monitor.collector: bybit: missing_market (symbol=MONUSDT)
2026-02-19 11:41:42 [INFO] mon_monitor: === 轮次完成 ===
2026-02-19 15:40:37 [INFO] mon_monitor: 守护模式启动，间隔 60 秒，Ctrl+C 退出
2026-02-19 15:40:37 [INFO] mon_monitor: === 开始采集轮次 2026-02-19T07:40:37.912152+00:00 ===
2026-02-19 15:40:37 [INFO] mon_monitor.collector: 开始并发采集: venues=3 workers=3
2026-02-19 15:40:37 [WARNING] mon_monitor.collector: 第 1/3 次请求失败 (ConnectionError): HTTPSConnectionPool(host='app.okx.com', port=443): Max retries exceeded with url: /api/v5/public/instruments?instType=SW，等待 1.0 秒
2026-02-19 15:40:37 [WARNING] mon_monitor.collector: 第 1/3 次请求失败 (ConnectionError): HTTPSConnectionPool(host='api.bytick.com', port=443): Max retries exceeded with url: /v5/market/instruments-info?categor，等待 1.0 秒
2026-02-19 15:40:37 [WARNING] mon_monitor.collector: 第 1/3 次请求失败 (ConnectionError): HTTPSConnectionPool(host='fapi.binance.com', port=443): Max retries exceeded with url: /fapi/v1/ticker/price?symbol=MONU，等待 1.0 秒
2026-02-19 15:40:38 [WARNING] mon_monitor.collector: 第 2/3 次请求失败 (ConnectionError): HTTPSConnectionPool(host='app.okx.com', port=443): Max retries exceeded with url: /api/v5/public/instruments?instType=SW，等待 2.0 秒
2026-02-19 15:40:38 [WARNING] mon_monitor.collector: 第 2/3 次请求失败 (ConnectionError): HTTPSConnectionPool(host='api.bytick.com', port=443): Max retries exceeded with url: /v5/market/instruments-info?categor，等待 2.0 秒
2026-02-19 15:40:38 [WARNING] mon_monitor.collector: 第 2/3 次请求失败 (ConnectionError): HTTPSConnectionPool(host='fapi.binance.com', port=443): Max retries exceeded with url: /fapi/v1/ticker/price?symbol=MONU，等待 2.0 秒
2026-02-19 15:40:40 [WARNING] mon_monitor.collector: 第 3/3 次请求失败 (ConnectionError): HTTPSConnectionPool(host='api.bytick.com', port=443): Max retries exceeded with url: /v5/market/instruments-info?categor，等待 4.0 秒
2026-02-19 15:40:40 [WARNING] mon_monitor.collector: 第 3/3 次请求失败 (ConnectionError): HTTPSConnectionPool(host='app.okx.com', port=443): Max retries exceeded with url: /api/v5/public/instruments?instType=SW，等待 4.0 秒
2026-02-19 15:40:40 [WARNING] mon_monitor.collector: 第 3/3 次请求失败 (ConnectionError): HTTPSConnectionPool(host='fapi.binance.com', port=443): Max retries exceeded with url: /fapi/v1/ticker/price?symbol=MONU，等待 4.0 秒
2026-02-19 15:40:44 [WARNING] mon_monitor.collector: bybit 不支持 symbol MONUSDT，标记为 missing_market
2026-02-19 15:40:44 [WARNING] mon_monitor.collector: binance 不支持 symbol MONUSDT，标记为 missing_market
2026-02-19 15:40:44 [WARNING] mon_monitor.collector: binance: missing_market (symbol=MONUSDT, errors=['symbol_not_found: binance verify failed (symbol_not_found)'])
2026-02-19 15:40:44 [WARNING] mon_monitor.collector: 第 1/3 次请求失败 (ConnectionError): HTTPSConnectionPool(host='www.okx.com', port=443): Max retries exceeded with url: /api/v5/public/instruments?instType=SW，等待 1.0 秒
2026-02-19 15:40:45 [WARNING] mon_monitor.collector: 第 2/3 次请求失败 (ConnectionError): HTTPSConnectionPool(host='www.okx.com', port=443): Max retries exceeded with url: /api/v5/public/instruments?instType=SW，等待 2.0 秒
2026-02-19 15:40:47 [WARNING] mon_monitor.collector: 第 3/3 次请求失败 (ConnectionError): HTTPSConnectionPool(host='www.okx.com', port=443): Max retries exceeded with url: /api/v5/public/instruments?instType=SW，等待 4.0 秒
2026-02-19 15:40:51 [WARNING] mon_monitor.collector: 第 1/3 次请求失败 (ConnectionError): HTTPSConnectionPool(host='my.okx.com', port=443): Max retries exceeded with url: /api/v5/public/instruments?instType=SWA，等待 1.0 秒
2026-02-19 15:40:52 [WARNING] mon_monitor.collector: 第 2/3 次请求失败 (ConnectionError): HTTPSConnectionPool(host='my.okx.com', port=443): Max retries exceeded with url: /api/v5/public/instruments?instType=SWA，等待 2.0 秒
2026-02-19 15:40:54 [WARNING] mon_monitor.collector: 第 3/3 次请求失败 (ConnectionError): HTTPSConnectionPool(host='my.okx.com', port=443): Max retries exceeded with url: /api/v5/public/instruments?instType=SWA，等待 4.0 秒
2026-02-19 15:40:59 [WARNING] mon_monitor.collector: okx verify 失败 (symbol=MON-USDT-SWAP): network_error:ConnectionError
2026-02-19 15:40:59 [WARNING] mon_monitor.collector: okx: missing_market (symbol=MON-USDT-SWAP, errors=['network_error: okx verify failed (network_error:ConnectionError)'])
2026-02-19 15:40:59 [WARNING] mon_monitor.collector: bybit: missing_market (symbol=MONUSDT, errors=['symbol_not_found: bybit verify failed (symbol_not_found)'])
2026-02-19 15:40:59 [INFO] mon_monitor: === 轮次完成 ===
2026-02-19 15:40:59 [INFO] mon_monitor: 下次采集将在 60 秒后...
2026-02-19 15:41:59 [INFO] mon_monitor: === 开始采集轮次 2026-02-19T07:41:59.259737+00:00 ===
2026-02-19 15:41:59 [INFO] mon_monitor.collector: 开始并发采集: venues=3 workers=3
2026-02-19 15:41:59 [WARNING] mon_monitor.collector: 第 1/3 次请求失败 (ConnectionError): HTTPSConnectionPool(host='app.okx.com', port=443): Max retries exceeded with url: /api/v5/public/instruments?instType=SW，等待 1.0 秒
2026-02-19 15:41:59 [WARNING] mon_monitor.collector: 第 1/3 次请求失败 (ConnectionError): HTTPSConnectionPool(host='api.bytick.com', port=443): Max retries exceeded with url: /v5/market/instruments-info?categor，等待 1.0 秒
2026-02-19 15:41:59 [WARNING] mon_monitor.collector: 第 1/3 次请求失败 (ConnectionError): HTTPSConnectionPool(host='fapi.binance.com', port=443): Max retries exceeded with url: /fapi/v1/ticker/price?symbol=MONU，等待 1.0 秒
2026-02-19 15:42:00 [WARNING] mon_monitor.collector: 第 2/3 次请求失败 (ConnectionError): HTTPSConnectionPool(host='api.bytick.com', port=443): Max retries exceeded with url: /v5/market/instruments-info?categor，等待 2.0 秒
2026-02-19 15:42:00 [WARNING] mon_monitor.collector: 第 2/3 次请求失败 (ConnectionError): HTTPSConnectionPool(host='app.okx.com', port=443): Max retries exceeded with url: /api/v5/public/instruments?instType=SW，等待 2.0 秒
2026-02-19 15:42:00 [WARNING] mon_monitor.collector: 第 2/3 次请求失败 (ConnectionError): HTTPSConnectionPool(host='fapi.binance.com', port=443): Max retries exceeded with url: /fapi/v1/ticker/price?symbol=MONU，等待 2.0 秒
2026-02-19 15:42:02 [WARNING] mon_monitor.collector: 第 3/3 次请求失败 (ConnectionError): HTTPSConnectionPool(host='api.bytick.com', port=443): Max retries exceeded with url: /v5/market/instruments-info?categor，等待 4.0 秒
2026-02-19 15:42:02 [WARNING] mon_monitor.collector: 第 3/3 次请求失败 (ConnectionError): HTTPSConnectionPool(host='app.okx.com', port=443): Max retries exceeded with url: /api/v5/public/instruments?instType=SW，等待 4.0 秒
2026-02-19 15:42:02 [WARNING] mon_monitor.collector: 第 3/3 次请求失败 (ConnectionError): HTTPSConnectionPool(host='fapi.binance.com', port=443): Max retries exceeded with url: /fapi/v1/ticker/price?symbol=MONU，等待 4.0 秒
2026-02-19 15:42:06 [WARNING] mon_monitor.collector: bybit 不支持 symbol MONUSDT，标记为 missing_market
2026-02-19 15:42:06 [WARNING] mon_monitor.collector: binance 不支持 symbol MONUSDT，标记为 missing_market
2026-02-19 15:42:06 [WARNING] mon_monitor.collector: binance: missing_market (symbol=MONUSDT, errors=['symbol_not_found: binance verify failed (symbol_not_found)'])
2026-02-19 15:42:06 [WARNING] mon_monitor.collector: 第 1/3 次请求失败 (ConnectionError): HTTPSConnectionPool(host='www.okx.com', port=443): Max retries exceeded with url: /api/v5/public/instruments?instType=SW，等待 1.0 秒
2026-02-19 15:42:07 [WARNING] mon_monitor.collector: 第 2/3 次请求失败 (ConnectionError): HTTPSConnectionPool(host='www.okx.com', port=443): Max retries exceeded with url: /api/v5/public/instruments?instType=SW，等待 2.0 秒
2026-02-19 15:42:09 [WARNING] mon_monitor.collector: 第 3/3 次请求失败 (ConnectionError): HTTPSConnectionPool(host='www.okx.com', port=443): Max retries exceeded with url: /api/v5/public/instruments?instType=SW，等待 4.0 秒
2026-02-19 15:42:13 [WARNING] mon_monitor.collector: 第 1/3 次请求失败 (ConnectionError): HTTPSConnectionPool(host='my.okx.com', port=443): Max retries exceeded with url: /api/v5/public/instruments?instType=SWA，等待 1.0 秒
2026-02-19 15:42:14 [WARNING] mon_monitor.collector: 第 2/3 次请求失败 (ConnectionError): HTTPSConnectionPool(host='my.okx.com', port=443): Max retries exceeded with url: /api/v5/public/instruments?instType=SWA，等待 2.0 秒
2026-02-19 15:42:16 [WARNING] mon_monitor.collector: 第 3/3 次请求失败 (ConnectionError): HTTPSConnectionPool(host='my.okx.com', port=443): Max retries exceeded with url: /api/v5/public/instruments?instType=SWA，等待 4.0 秒
2026-02-19 15:42:20 [WARNING] mon_monitor.collector: okx verify 失败 (symbol=MON-USDT-SWAP): network_error:ConnectionError
2026-02-19 15:42:20 [WARNING] mon_monitor.collector: okx: missing_market (symbol=MON-USDT-SWAP, errors=['network_error: okx verify failed (network_error:ConnectionError)'])
2026-02-19 15:42:20 [WARNING] mon_monitor.collector: bybit: missing_market (symbol=MONUSDT, errors=['symbol_not_found: bybit verify failed (symbol_not_found)'])
2026-02-19 15:42:20 [INFO] mon_monitor: === 轮次完成 ===
2026-02-19 15:42:20 [INFO] mon_monitor: 下次采集将在 60 秒后...
2026-02-19 15:45:38 [INFO] mon_monitor: === 开始采集轮次 2026-02-19T07:45:38.532067+00:00 ===
2026-02-19 15:45:38 [INFO] mon_monitor.collector: 开始并发采集: venues=3 workers=3
2026-02-19 15:45:38 [WARNING] mon_monitor.collector: 第 1/3 次请求失败 (ConnectionError): HTTPSConnectionPool(host='api.bytick.com', port=443): Max retries exceeded with url: /v5/market/instruments-info?categor，等待 1.0 秒
2026-02-19 15:45:38 [WARNING] mon_monitor.collector: 第 1/3 次请求失败 (ConnectionError): HTTPSConnectionPool(host='app.okx.com', port=443): Max retries exceeded with url: /api/v5/public/instruments?instType=SW，等待 1.0 秒
2026-02-19 15:45:38 [WARNING] mon_monitor.collector: 第 1/3 次请求失败 (ConnectionError): HTTPSConnectionPool(host='fapi.binance.com', port=443): Max retries exceeded with url: /fapi/v1/ticker/price?symbol=MONU，等待 1.0 秒
2026-02-19 15:45:39 [WARNING] mon_monitor.collector: 第 2/3 次请求失败 (ConnectionError): HTTPSConnectionPool(host='api.bytick.com', port=443): Max retries exceeded with url: /v5/market/instruments-info?categor，等待 2.0 秒
2026-02-19 15:45:39 [WARNING] mon_monitor.collector: 第 2/3 次请求失败 (ConnectionError): HTTPSConnectionPool(host='fapi.binance.com', port=443): Max retries exceeded with url: /fapi/v1/ticker/price?symbol=MONU，等待 2.0 秒
2026-02-19 15:45:39 [WARNING] mon_monitor.collector: 第 2/3 次请求失败 (ConnectionError): HTTPSConnectionPool(host='app.okx.com', port=443): Max retries exceeded with url: /api/v5/public/instruments?instType=SW，等待 2.0 秒
2026-02-19 15:45:41 [WARNING] mon_monitor.collector: 第 3/3 次请求失败 (ConnectionError): HTTPSConnectionPool(host='fapi.binance.com', port=443): Max retries exceeded with url: /fapi/v1/ticker/price?symbol=MONU，等待 4.0 秒
2026-02-19 15:45:41 [WARNING] mon_monitor.collector: 第 3/3 次请求失败 (ConnectionError): HTTPSConnectionPool(host='api.bytick.com', port=443): Max retries exceeded with url: /v5/market/instruments-info?categor，等待 4.0 秒
2026-02-19 15:45:41 [WARNING] mon_monitor.collector: 第 3/3 次请求失败 (ConnectionError): HTTPSConnectionPool(host='app.okx.com', port=443): Max retries exceeded with url: /api/v5/public/instruments?instType=SW，等待 4.0 秒
2026-02-19 15:45:45 [WARNING] mon_monitor.collector: binance 不支持 symbol MONUSDT，标记为 missing_market
2026-02-19 15:45:45 [WARNING] mon_monitor.collector: binance: missing_market (symbol=MONUSDT, errors=['symbol_not_found: binance verify failed (symbol_not_found)'])
2026-02-19 15:45:45 [WARNING] mon_monitor.collector: bybit 不支持 symbol MONUSDT，标记为 missing_market
2026-02-19 15:45:45 [WARNING] mon_monitor.collector: 第 1/3 次请求失败 (ConnectionError): HTTPSConnectionPool(host='www.okx.com', port=443): Max retries exceeded with url: /api/v5/public/instruments?instType=SW，等待 1.0 秒
2026-02-19 15:45:46 [WARNING] mon_monitor.collector: 第 2/3 次请求失败 (ConnectionError): HTTPSConnectionPool(host='www.okx.com', port=443): Max retries exceeded with url: /api/v5/public/instruments?instType=SW，等待 2.0 秒
2026-02-19 15:45:48 [WARNING] mon_monitor.collector: 第 3/3 次请求失败 (ConnectionError): HTTPSConnectionPool(host='www.okx.com', port=443): Max retries exceeded with url: /api/v5/public/instruments?instType=SW，等待 4.0 秒
2026-02-19 15:45:52 [WARNING] mon_monitor.collector: 第 1/3 次请求失败 (ConnectionError): HTTPSConnectionPool(host='my.okx.com', port=443): Max retries exceeded with url: /api/v5/public/instruments?instType=SWA，等待 1.0 秒
2026-02-19 15:45:53 [WARNING] mon_monitor.collector: 第 2/3 次请求失败 (ConnectionError): HTTPSConnectionPool(host='my.okx.com', port=443): Max retries exceeded with url: /api/v5/public/instruments?instType=SWA，等待 2.0 秒
2026-02-19 15:45:55 [WARNING] mon_monitor.collector: 第 3/3 次请求失败 (ConnectionError): HTTPSConnectionPool(host='my.okx.com', port=443): Max retries exceeded with url: /api/v5/public/instruments?instType=SWA，等待 4.0 秒
2026-02-19 15:45:59 [WARNING] mon_monitor.collector: okx verify 失败 (symbol=MON-USDT-SWAP): network_error:ConnectionError
2026-02-19 15:45:59 [WARNING] mon_monitor.collector: okx: missing_market (symbol=MON-USDT-SWAP, errors=['network_error: okx verify failed (network_error:ConnectionError)'])
2026-02-19 15:45:59 [WARNING] mon_monitor.collector: bybit: missing_market (symbol=MONUSDT, errors=['symbol_not_found: bybit verify failed (symbol_not_found)'])
2026-02-19 15:45:59 [INFO] mon_monitor: === 轮次完成 ===
2026-02-19 15:45:59 [INFO] mon_monitor: 下次采集将在 60 秒后...
2026-02-19 15:46:59 [INFO] mon_monitor: === 开始采集轮次 2026-02-19T07:46:59.898403+00:00 ===
2026-02-19 15:46:59 [INFO] mon_monitor.collector: 开始并发采集: venues=3 workers=3
2026-02-19 15:46:59 [WARNING] mon_monitor.collector: 第 1/3 次请求失败 (ConnectionError): HTTPSConnectionPool(host='api.bytick.com', port=443): Max retries exceeded with url: /v5/market/instruments-info?categor，等待 1.0 秒
2026-02-19 15:46:59 [WARNING] mon_monitor.collector: 第 1/3 次请求失败 (ConnectionError): HTTPSConnectionPool(host='fapi.binance.com', port=443): Max retries exceeded with url: /fapi/v1/ticker/price?symbol=MONU，等待 1.0 秒
2026-02-19 15:46:59 [WARNING] mon_monitor.collector: 第 1/3 次请求失败 (ConnectionError): HTTPSConnectionPool(host='app.okx.com', port=443): Max retries exceeded with url: /api/v5/public/instruments?instType=SW，等待 1.0 秒
2026-02-19 15:47:00 [WARNING] mon_monitor.collector: 第 2/3 次请求失败 (ConnectionError): HTTPSConnectionPool(host='app.okx.com', port=443): Max retries exceeded with url: /api/v5/public/instruments?instType=SW，等待 2.0 秒
2026-02-19 15:47:00 [WARNING] mon_monitor.collector: 第 2/3 次请求失败 (ConnectionError): HTTPSConnectionPool(host='fapi.binance.com', port=443): Max retries exceeded with url: /fapi/v1/ticker/price?symbol=MONU，等待 2.0 秒
2026-02-19 15:47:00 [WARNING] mon_monitor.collector: 第 2/3 次请求失败 (ConnectionError): HTTPSConnectionPool(host='api.bytick.com', port=443): Max retries exceeded with url: /v5/market/instruments-info?categor，等待 2.0 秒
2026-02-19 15:47:02 [WARNING] mon_monitor.collector: 第 3/3 次请求失败 (ConnectionError): HTTPSConnectionPool(host='app.okx.com', port=443): Max retries exceeded with url: /api/v5/public/instruments?instType=SW，等待 4.0 秒
2026-02-19 15:47:02 [WARNING] mon_monitor.collector: 第 3/3 次请求失败 (ConnectionError): HTTPSConnectionPool(host='fapi.binance.com', port=443): Max retries exceeded with url: /fapi/v1/ticker/price?symbol=MONU，等待 4.0 秒
2026-02-19 15:47:02 [WARNING] mon_monitor.collector: 第 3/3 次请求失败 (ConnectionError): HTTPSConnectionPool(host='api.bytick.com', port=443): Max retries exceeded with url: /v5/market/instruments-info?categor，等待 4.0 秒
2026-02-19 15:47:06 [WARNING] mon_monitor.collector: binance 不支持 symbol MONUSDT，标记为 missing_market
2026-02-19 15:47:06 [WARNING] mon_monitor.collector: 第 1/3 次请求失败 (ConnectionError): HTTPSConnectionPool(host='www.okx.com', port=443): Max retries exceeded with url: /api/v5/public/instruments?instType=SW，等待 1.0 秒
2026-02-19 15:47:06 [WARNING] mon_monitor.collector: bybit 不支持 symbol MONUSDT，标记为 missing_market
2026-02-19 15:47:06 [WARNING] mon_monitor.collector: binance: missing_market (symbol=MONUSDT, errors=['symbol_not_found: binance verify failed (symbol_not_found)'])
2026-02-19 15:47:07 [WARNING] mon_monitor.collector: 第 2/3 次请求失败 (ConnectionError): HTTPSConnectionPool(host='www.okx.com', port=443): Max retries exceeded with url: /api/v5/public/instruments?instType=SW，等待 2.0 秒
2026-02-19 15:47:09 [WARNING] mon_monitor.collector: 第 3/3 次请求失败 (ConnectionError): HTTPSConnectionPool(host='www.okx.com', port=443): Max retries exceeded with url: /api/v5/public/instruments?instType=SW，等待 4.0 秒
2026-02-19 15:47:13 [WARNING] mon_monitor.collector: 第 1/3 次请求失败 (ConnectionError): HTTPSConnectionPool(host='my.okx.com', port=443): Max retries exceeded with url: /api/v5/public/instruments?instType=SWA，等待 1.0 秒
2026-02-19 15:47:14 [WARNING] mon_monitor.collector: 第 2/3 次请求失败 (ConnectionError): HTTPSConnectionPool(host='my.okx.com', port=443): Max retries exceeded with url: /api/v5/public/instruments?instType=SWA，等待 2.0 秒
2026-02-19 15:47:16 [WARNING] mon_monitor.collector: 第 3/3 次请求失败 (ConnectionError): HTTPSConnectionPool(host='my.okx.com', port=443): Max retries exceeded with url: /api/v5/public/instruments?instType=SWA，等待 4.0 秒
2026-02-19 15:47:20 [WARNING] mon_monitor.collector: okx verify 失败 (symbol=MON-USDT-SWAP): network_error:ConnectionError
2026-02-19 15:47:20 [WARNING] mon_monitor.collector: okx: missing_market (symbol=MON-USDT-SWAP, errors=['network_error: okx verify failed (network_error:ConnectionError)'])
2026-02-19 15:47:20 [WARNING] mon_monitor.collector: bybit: missing_market (symbol=MONUSDT, errors=['symbol_not_found: bybit verify failed (symbol_not_found)'])
2026-02-19 15:47:21 [INFO] mon_monitor: === 轮次完成 ===
2026-02-19 15:47:21 [INFO] mon_monitor: 下次采集将在 60 秒后...
2026-02-19 15:48:43 [INFO] mon_monitor: === 开始采集轮次 2026-02-19T07:48:43.497506+00:00 ===
2026-02-19 15:48:43 [INFO] mon_monitor.collector: 开始并发采集: venues=3 workers=3
2026-02-19 15:48:43 [WARNING] mon_monitor.collector: 第 1/3 次请求失败 (ConnectionError): HTTPSConnectionPool(host='fapi.binance.com', port=443): Max retries exceeded with url: /fapi/v1/ticker/price?symbol=MONU，等待 1.0 秒
2026-02-19 15:48:43 [WARNING] mon_monitor.collector: 第 1/3 次请求失败 (ConnectionError): HTTPSConnectionPool(host='api.bytick.com', port=443): Max retries exceeded with url: /v5/market/instruments-info?categor，等待 1.0 秒
2026-02-19 15:48:43 [WARNING] mon_monitor.collector: 第 1/3 次请求失败 (ConnectionError): HTTPSConnectionPool(host='app.okx.com', port=443): Max retries exceeded with url: /api/v5/public/instruments?instType=SW，等待 1.0 秒
2026-02-19 15:48:44 [WARNING] mon_monitor.collector: 第 2/3 次请求失败 (ConnectionError): HTTPSConnectionPool(host='fapi.binance.com', port=443): Max retries exceeded with url: /fapi/v1/ticker/price?symbol=MONU，等待 2.0 秒
2026-02-19 15:48:44 [WARNING] mon_monitor.collector: 第 2/3 次请求失败 (ConnectionError): HTTPSConnectionPool(host='app.okx.com', port=443): Max retries exceeded with url: /api/v5/public/instruments?instType=SW，等待 2.0 秒
2026-02-19 15:48:44 [WARNING] mon_monitor.collector: 第 2/3 次请求失败 (ConnectionError): HTTPSConnectionPool(host='api.bytick.com', port=443): Max retries exceeded with url: /v5/market/instruments-info?categor，等待 2.0 秒
2026-02-19 15:48:46 [WARNING] mon_monitor.collector: 第 3/3 次请求失败 (ConnectionError): HTTPSConnectionPool(host='api.bytick.com', port=443): Max retries exceeded with url: /v5/market/instruments-info?categor，等待 4.0 秒
2026-02-19 15:48:46 [WARNING] mon_monitor.collector: 第 3/3 次请求失败 (ConnectionError): HTTPSConnectionPool(host='fapi.binance.com', port=443): Max retries exceeded with url: /fapi/v1/ticker/price?symbol=MONU，等待 4.0 秒
2026-02-19 15:48:46 [WARNING] mon_monitor.collector: 第 3/3 次请求失败 (ConnectionError): HTTPSConnectionPool(host='app.okx.com', port=443): Max retries exceeded with url: /api/v5/public/instruments?instType=SW，等待 4.0 秒
2026-02-19 15:48:50 [WARNING] mon_monitor.collector: bybit 不支持 symbol MONUSDT，标记为 missing_market
2026-02-19 15:48:50 [WARNING] mon_monitor.collector: binance 不支持 symbol MONUSDT，标记为 missing_market
2026-02-19 15:48:50 [WARNING] mon_monitor.collector: 第 1/3 次请求失败 (ConnectionError): HTTPSConnectionPool(host='www.okx.com', port=443): Max retries exceeded with url: /api/v5/public/instruments?instType=SW，等待 1.0 秒
2026-02-19 15:48:50 [WARNING] mon_monitor.collector: binance: missing_market (symbol=MONUSDT, errors=['symbol_not_found: binance verify failed (symbol_not_found)'])
2026-02-19 15:48:51 [WARNING] mon_monitor.collector: 第 2/3 次请求失败 (ConnectionError): HTTPSConnectionPool(host='www.okx.com', port=443): Max retries exceeded with url: /api/v5/public/instruments?instType=SW，等待 2.0 秒
2026-02-19 15:48:53 [WARNING] mon_monitor.collector: 第 3/3 次请求失败 (ConnectionError): HTTPSConnectionPool(host='www.okx.com', port=443): Max retries exceeded with url: /api/v5/public/instruments?instType=SW，等待 4.0 秒
2026-02-19 15:48:57 [WARNING] mon_monitor.collector: 第 1/3 次请求失败 (ConnectionError): HTTPSConnectionPool(host='my.okx.com', port=443): Max retries exceeded with url: /api/v5/public/instruments?instType=SWA，等待 1.0 秒
2026-02-19 15:48:58 [WARNING] mon_monitor.collector: 第 2/3 次请求失败 (ConnectionError): HTTPSConnectionPool(host='my.okx.com', port=443): Max retries exceeded with url: /api/v5/public/instruments?instType=SWA，等待 2.0 秒
2026-02-19 15:49:00 [WARNING] mon_monitor.collector: 第 3/3 次请求失败 (ConnectionError): HTTPSConnectionPool(host='my.okx.com', port=443): Max retries exceeded with url: /api/v5/public/instruments?instType=SWA，等待 4.0 秒
2026-02-19 15:49:04 [WARNING] mon_monitor.collector: okx verify 失败 (symbol=MON-USDT-SWAP): network_error:ConnectionError
2026-02-19 15:49:04 [WARNING] mon_monitor.collector: okx: missing_market (symbol=MON-USDT-SWAP, errors=['network_error: okx verify failed (network_error:ConnectionError)'])
2026-02-19 15:49:04 [WARNING] mon_monitor.collector: bybit: missing_market (symbol=MONUSDT, errors=['symbol_not_found: bybit verify failed (symbol_not_found)'])
2026-02-19 15:49:04 [INFO] mon_monitor: === 轮次完成 ===
2026-02-19 15:49:04 [INFO] mon_monitor: 下次采集将在 60 秒后...
2026-02-19 15:50:04 [INFO] mon_monitor: === 开始采集轮次 2026-02-19T07:50:04.896541+00:00 ===
2026-02-19 15:50:04 [INFO] mon_monitor.collector: 开始并发采集: venues=3 workers=3
2026-02-19 15:50:04 [WARNING] mon_monitor.collector: 第 1/3 次请求失败 (ConnectionError): HTTPSConnectionPool(host='fapi.binance.com', port=443): Max retries exceeded with url: /fapi/v1/ticker/price?symbol=MONU，等待 1.0 秒
2026-02-19 15:50:04 [WARNING] mon_monitor.collector: 第 1/3 次请求失败 (ConnectionError): HTTPSConnectionPool(host='app.okx.com', port=443): Max retries exceeded with url: /api/v5/public/instruments?instType=SW，等待 1.0 秒
2026-02-19 15:50:04 [WARNING] mon_monitor.collector: 第 1/3 次请求失败 (ConnectionError): HTTPSConnectionPool(host='api.bytick.com', port=443): Max retries exceeded with url: /v5/market/instruments-info?categor，等待 1.0 秒
2026-02-19 15:50:05 [WARNING] mon_monitor.collector: 第 2/3 次请求失败 (ConnectionError): HTTPSConnectionPool(host='fapi.binance.com', port=443): Max retries exceeded with url: /fapi/v1/ticker/price?symbol=MONU，等待 2.0 秒
2026-02-19 15:50:05 [WARNING] mon_monitor.collector: 第 2/3 次请求失败 (ConnectionError): HTTPSConnectionPool(host='app.okx.com', port=443): Max retries exceeded with url: /api/v5/public/instruments?instType=SW，等待 2.0 秒
2026-02-19 15:50:05 [WARNING] mon_monitor.collector: 第 2/3 次请求失败 (ConnectionError): HTTPSConnectionPool(host='api.bytick.com', port=443): Max retries exceeded with url: /v5/market/instruments-info?categor，等待 2.0 秒
2026-02-19 15:50:07 [WARNING] mon_monitor.collector: 第 3/3 次请求失败 (ConnectionError): HTTPSConnectionPool(host='fapi.binance.com', port=443): Max retries exceeded with url: /fapi/v1/ticker/price?symbol=MONU，等待 4.0 秒
2026-02-19 15:50:07 [WARNING] mon_monitor.collector: 第 3/3 次请求失败 (ConnectionError): HTTPSConnectionPool(host='app.okx.com', port=443): Max retries exceeded with url: /api/v5/public/instruments?instType=SW，等待 4.0 秒
2026-02-19 15:50:07 [WARNING] mon_monitor.collector: 第 3/3 次请求失败 (ConnectionError): HTTPSConnectionPool(host='api.bytick.com', port=443): Max retries exceeded with url: /v5/market/instruments-info?categor，等待 4.0 秒
2026-02-19 15:50:11 [WARNING] mon_monitor.collector: binance 不支持 symbol MONUSDT，标记为 missing_market
2026-02-19 15:50:11 [WARNING] mon_monitor.collector: binance: missing_market (symbol=MONUSDT, errors=['symbol_not_found: binance verify failed (symbol_not_found)'])
2026-02-19 15:50:11 [WARNING] mon_monitor.collector: bybit 不支持 symbol MONUSDT，标记为 missing_market
2026-02-19 15:50:11 [WARNING] mon_monitor.collector: 第 1/3 次请求失败 (ConnectionError): HTTPSConnectionPool(host='www.okx.com', port=443): Max retries exceeded with url: /api/v5/public/instruments?instType=SW，等待 1.0 秒
2026-02-19 15:50:12 [WARNING] mon_monitor.collector: 第 2/3 次请求失败 (ConnectionError): HTTPSConnectionPool(host='www.okx.com', port=443): Max retries exceeded with url: /api/v5/public/instruments?instType=SW，等待 2.0 秒
2026-02-19 15:50:14 [WARNING] mon_monitor.collector: 第 3/3 次请求失败 (ConnectionError): HTTPSConnectionPool(host='www.okx.com', port=443): Max retries exceeded with url: /api/v5/public/instruments?instType=SW，等待 4.0 秒
2026-02-19 15:50:18 [WARNING] mon_monitor.collector: 第 1/3 次请求失败 (ConnectionError): HTTPSConnectionPool(host='my.okx.com', port=443): Max retries exceeded with url: /api/v5/public/instruments?instType=SWA，等待 1.0 秒
2026-02-19 15:50:19 [WARNING] mon_monitor.collector: 第 2/3 次请求失败 (ConnectionError): HTTPSConnectionPool(host='my.okx.com', port=443): Max retries exceeded with url: /api/v5/public/instruments?instType=SWA，等待 2.0 秒
2026-02-19 15:50:21 [WARNING] mon_monitor.collector: 第 3/3 次请求失败 (ConnectionError): HTTPSConnectionPool(host='my.okx.com', port=443): Max retries exceeded with url: /api/v5/public/instruments?instType=SWA，等待 4.0 秒
2026-02-19 15:50:25 [WARNING] mon_monitor.collector: okx verify 失败 (symbol=MON-USDT-SWAP): network_error:ConnectionError
2026-02-19 15:50:25 [WARNING] mon_monitor.collector: okx: missing_market (symbol=MON-USDT-SWAP, errors=['network_error: okx verify failed (network_error:ConnectionError)'])
2026-02-19 15:50:25 [WARNING] mon_monitor.collector: bybit: missing_market (symbol=MONUSDT, errors=['symbol_not_found: bybit verify failed (symbol_not_found)'])
2026-02-19 15:50:26 [INFO] mon_monitor: === 轮次完成 ===
2026-02-19 15:50:26 [INFO] mon_monitor: 下次采集将在 60 秒后...
2026-02-19 15:51:26 [INFO] mon_monitor: === 开始采集轮次 2026-02-19T07:51:26.233615+00:00 ===
2026-02-19 15:51:26 [INFO] mon_monitor.collector: 开始并发采集: venues=3 workers=3
2026-02-19 15:51:26 [WARNING] mon_monitor.collector: 第 1/3 次请求失败 (ConnectionError): HTTPSConnectionPool(host='api.bytick.com', port=443): Max retries exceeded with url: /v5/market/instruments-info?categor，等待 1.0 秒
2026-02-19 15:51:26 [WARNING] mon_monitor.collector: 第 1/3 次请求失败 (ConnectionError): HTTPSConnectionPool(host='app.okx.com', port=443): Max retries exceeded with url: /api/v5/public/instruments?instType=SW，等待 1.0 秒
2026-02-19 15:51:26 [WARNING] mon_monitor.collector: 第 1/3 次请求失败 (ConnectionError): HTTPSConnectionPool(host='fapi.binance.com', port=443): Max retries exceeded with url: /fapi/v1/ticker/price?symbol=MONU，等待 1.0 秒
2026-02-19 15:51:27 [WARNING] mon_monitor.collector: 第 2/3 次请求失败 (ConnectionError): HTTPSConnectionPool(host='api.bytick.com', port=443): Max retries exceeded with url: /v5/market/instruments-info?categor，等待 2.0 秒
2026-02-19 15:51:27 [WARNING] mon_monitor.collector: 第 2/3 次请求失败 (ConnectionError): HTTPSConnectionPool(host='app.okx.com', port=443): Max retries exceeded with url: /api/v5/public/instruments?instType=SW，等待 2.0 秒
2026-02-19 15:51:27 [WARNING] mon_monitor.collector: 第 2/3 次请求失败 (ConnectionError): HTTPSConnectionPool(host='fapi.binance.com', port=443): Max retries exceeded with url: /fapi/v1/ticker/price?symbol=MONU，等待 2.0 秒
2026-02-19 15:51:29 [WARNING] mon_monitor.collector: 第 3/3 次请求失败 (ConnectionError): HTTPSConnectionPool(host='app.okx.com', port=443): Max retries exceeded with url: /api/v5/public/instruments?instType=SW，等待 4.0 秒
2026-02-19 15:51:29 [WARNING] mon_monitor.collector: 第 3/3 次请求失败 (ConnectionError): HTTPSConnectionPool(host='api.bytick.com', port=443): Max retries exceeded with url: /v5/market/instruments-info?categor，等待 4.0 秒
2026-02-19 15:51:29 [WARNING] mon_monitor.collector: 第 3/3 次请求失败 (ConnectionError): HTTPSConnectionPool(host='fapi.binance.com', port=443): Max retries exceeded with url: /fapi/v1/ticker/price?symbol=MONU，等待 4.0 秒
2026-02-19 15:51:33 [WARNING] mon_monitor.collector: 第 1/3 次请求失败 (ConnectionError): HTTPSConnectionPool(host='www.okx.com', port=443): Max retries exceeded with url: /api/v5/public/instruments?instType=SW，等待 1.0 秒
2026-02-19 15:51:33 [WARNING] mon_monitor.collector: bybit 不支持 symbol MONUSDT，标记为 missing_market
2026-02-19 15:51:33 [WARNING] mon_monitor.collector: binance 不支持 symbol MONUSDT，标记为 missing_market
2026-02-19 15:51:33 [WARNING] mon_monitor.collector: binance: missing_market (symbol=MONUSDT, errors=['symbol_not_found: binance verify failed (symbol_not_found)'])
2026-02-19 15:51:34 [WARNING] mon_monitor.collector: 第 2/3 次请求失败 (ConnectionError): HTTPSConnectionPool(host='www.okx.com', port=443): Max retries exceeded with url: /api/v5/public/instruments?instType=SW，等待 2.0 秒
2026-02-19 15:51:36 [WARNING] mon_monitor.collector: 第 3/3 次请求失败 (ConnectionError): HTTPSConnectionPool(host='www.okx.com', port=443): Max retries exceeded with url: /api/v5/public/instruments?instType=SW，等待 4.0 秒
2026-02-19 15:51:40 [WARNING] mon_monitor.collector: 第 1/3 次请求失败 (ConnectionError): HTTPSConnectionPool(host='my.okx.com', port=443): Max retries exceeded with url: /api/v5/public/instruments?instType=SWA，等待 1.0 秒
2026-02-19 15:51:41 [WARNING] mon_monitor.collector: 第 2/3 次请求失败 (ConnectionError): HTTPSConnectionPool(host='my.okx.com', port=443): Max retries exceeded with url: /api/v5/public/instruments?instType=SWA，等待 2.0 秒
2026-02-19 15:51:43 [WARNING] mon_monitor.collector: 第 3/3 次请求失败 (ConnectionError): HTTPSConnectionPool(host='my.okx.com', port=443): Max retries exceeded with url: /api/v5/public/instruments?instType=SWA，等待 4.0 秒
2026-02-19 15:51:47 [WARNING] mon_monitor.collector: okx verify 失败 (symbol=MON-USDT-SWAP): network_error:ConnectionError
2026-02-19 15:51:47 [WARNING] mon_monitor.collector: okx: missing_market (symbol=MON-USDT-SWAP, errors=['network_error: okx verify failed (network_error:ConnectionError)'])
2026-02-19 15:51:47 [WARNING] mon_monitor.collector: bybit: missing_market (symbol=MONUSDT, errors=['symbol_not_found: bybit verify failed (symbol_not_found)'])
2026-02-19 15:51:47 [INFO] mon_monitor: === 轮次完成 ===
2026-02-19 15:51:47 [INFO] mon_monitor: 下次采集将在 60 秒后...
2026-02-19 15:52:47 [INFO] mon_monitor: === 开始采集轮次 2026-02-19T07:52:47.552803+00:00 ===
2026-02-19 15:52:47 [INFO] mon_monitor.collector: 开始并发采集: venues=3 workers=3
2026-02-19 15:52:47 [WARNING] mon_monitor.collector: 第 1/3 次请求失败 (ConnectionError): HTTPSConnectionPool(host='api.bytick.com', port=443): Max retries exceeded with url: /v5/market/instruments-info?categor，等待 1.0 秒
2026-02-19 15:52:47 [WARNING] mon_monitor.collector: 第 1/3 次请求失败 (ConnectionError): HTTPSConnectionPool(host='app.okx.com', port=443): Max retries exceeded with url: /api/v5/public/instruments?instType=SW，等待 1.0 秒
2026-02-19 15:52:47 [WARNING] mon_monitor.collector: 第 1/3 次请求失败 (ConnectionError): HTTPSConnectionPool(host='fapi.binance.com', port=443): Max retries exceeded with url: /fapi/v1/ticker/price?symbol=MONU，等待 1.0 秒
2026-02-19 15:52:48 [WARNING] mon_monitor.collector: 第 2/3 次请求失败 (ConnectionError): HTTPSConnectionPool(host='api.bytick.com', port=443): Max retries exceeded with url: /v5/market/instruments-info?categor，等待 2.0 秒
2026-02-19 15:52:48 [WARNING] mon_monitor.collector: 第 2/3 次请求失败 (ConnectionError): HTTPSConnectionPool(host='app.okx.com', port=443): Max retries exceeded with url: /api/v5/public/instruments?instType=SW，等待 2.0 秒
2026-02-19 15:52:48 [WARNING] mon_monitor.collector: 第 2/3 次请求失败 (ConnectionError): HTTPSConnectionPool(host='fapi.binance.com', port=443): Max retries exceeded with url: /fapi/v1/ticker/price?symbol=MONU，等待 2.0 秒
2026-02-19 15:52:50 [WARNING] mon_monitor.collector: 第 3/3 次请求失败 (ConnectionError): HTTPSConnectionPool(host='api.bytick.com', port=443): Max retries exceeded with url: /v5/market/instruments-info?categor，等待 4.0 秒
2026-02-19 15:52:50 [WARNING] mon_monitor.collector: 第 3/3 次请求失败 (ConnectionError): HTTPSConnectionPool(host='app.okx.com', port=443): Max retries exceeded with url: /api/v5/public/instruments?instType=SW，等待 4.0 秒
2026-02-19 15:52:50 [WARNING] mon_monitor.collector: 第 3/3 次请求失败 (ConnectionError): HTTPSConnectionPool(host='fapi.binance.com', port=443): Max retries exceeded with url: /fapi/v1/ticker/price?symbol=MONU，等待 4.0 秒
2026-02-19 15:52:54 [WARNING] mon_monitor.collector: bybit 不支持 symbol MONUSDT，标记为 missing_market
2026-02-19 15:52:54 [WARNING] mon_monitor.collector: binance 不支持 symbol MONUSDT，标记为 missing_market
2026-02-19 15:52:54 [WARNING] mon_monitor.collector: binance: missing_market (symbol=MONUSDT, errors=['symbol_not_found: binance verify failed (symbol_not_found)'])
2026-02-19 15:52:54 [WARNING] mon_monitor.collector: 第 1/3 次请求失败 (ConnectionError): HTTPSConnectionPool(host='www.okx.com', port=443): Max retries exceeded with url: /api/v5/public/instruments?instType=SW，等待 1.0 秒
2026-02-19 15:52:55 [WARNING] mon_monitor.collector: 第 2/3 次请求失败 (ConnectionError): HTTPSConnectionPool(host='www.okx.com', port=443): Max retries exceeded with url: /api/v5/public/instruments?instType=SW，等待 2.0 秒
2026-02-19 15:52:57 [WARNING] mon_monitor.collector: 第 3/3 次请求失败 (ConnectionError): HTTPSConnectionPool(host='www.okx.com', port=443): Max retries exceeded with url: /api/v5/public/instruments?instType=SW，等待 4.0 秒
2026-02-19 15:53:01 [WARNING] mon_monitor.collector: 第 1/3 次请求失败 (ConnectionError): HTTPSConnectionPool(host='my.okx.com', port=443): Max retries exceeded with url: /api/v5/public/instruments?instType=SWA，等待 1.0 秒
2026-02-19 15:53:02 [WARNING] mon_monitor.collector: 第 2/3 次请求失败 (ConnectionError): HTTPSConnectionPool(host='my.okx.com', port=443): Max retries exceeded with url: /api/v5/public/instruments?instType=SWA，等待 2.0 秒
2026-02-19 15:53:04 [WARNING] mon_monitor.collector: 第 3/3 次请求失败 (ConnectionError): HTTPSConnectionPool(host='my.okx.com', port=443): Max retries exceeded with url: /api/v5/public/instruments?instType=SWA，等待 4.0 秒
2026-02-19 15:53:08 [WARNING] mon_monitor.collector: okx verify 失败 (symbol=MON-USDT-SWAP): network_error:ConnectionError
2026-02-19 15:53:08 [WARNING] mon_monitor.collector: okx: missing_market (symbol=MON-USDT-SWAP, errors=['network_error: okx verify failed (network_error:ConnectionError)'])
2026-02-19 15:53:08 [WARNING] mon_monitor.collector: bybit: missing_market (symbol=MONUSDT, errors=['symbol_not_found: bybit verify failed (symbol_not_found)'])
2026-02-19 15:53:08 [INFO] mon_monitor: === 轮次完成 ===
2026-02-19 15:53:08 [INFO] mon_monitor: 下次采集将在 60 秒后...
2026-02-19 15:54:08 [INFO] mon_monitor: === 开始采集轮次 2026-02-19T07:54:08.899722+00:00 ===
2026-02-19 15:54:08 [INFO] mon_monitor.collector: 开始并发采集: venues=3 workers=3
2026-02-19 15:54:08 [WARNING] mon_monitor.collector: 第 1/3 次请求失败 (ConnectionError): HTTPSConnectionPool(host='fapi.binance.com', port=443): Max retries exceeded with url: /fapi/v1/ticker/price?symbol=MONU，等待 1.0 秒
2026-02-19 15:54:08 [WARNING] mon_monitor.collector: 第 1/3 次请求失败 (ConnectionError): HTTPSConnectionPool(host='api.bytick.com', port=443): Max retries exceeded with url: /v5/market/instruments-info?categor，等待 1.0 秒
2026-02-19 15:54:08 [WARNING] mon_monitor.collector: 第 1/3 次请求失败 (ConnectionError): HTTPSConnectionPool(host='app.okx.com', port=443): Max retries exceeded with url: /api/v5/public/instruments?instType=SW，等待 1.0 秒
2026-02-19 15:54:09 [WARNING] mon_monitor.collector: 第 2/3 次请求失败 (ConnectionError): HTTPSConnectionPool(host='fapi.binance.com', port=443): Max retries exceeded with url: /fapi/v1/ticker/price?symbol=MONU，等待 2.0 秒
2026-02-19 15:54:09 [WARNING] mon_monitor.collector: 第 2/3 次请求失败 (ConnectionError): HTTPSConnectionPool(host='api.bytick.com', port=443): Max retries exceeded with url: /v5/market/instruments-info?categor，等待 2.0 秒
2026-02-19 15:54:09 [WARNING] mon_monitor.collector: 第 2/3 次请求失败 (ConnectionError): HTTPSConnectionPool(host='app.okx.com', port=443): Max retries exceeded with url: /api/v5/public/instruments?instType=SW，等待 2.0 秒
2026-02-19 15:54:11 [WARNING] mon_monitor.collector: 第 3/3 次请求失败 (ConnectionError): HTTPSConnectionPool(host='fapi.binance.com', port=443): Max retries exceeded with url: /fapi/v1/ticker/price?symbol=MONU，等待 4.0 秒
2026-02-19 15:54:11 [WARNING] mon_monitor.collector: 第 3/3 次请求失败 (ConnectionError): HTTPSConnectionPool(host='api.bytick.com', port=443): Max retries exceeded with url: /v5/market/instruments-info?categor，等待 4.0 秒
2026-02-19 15:54:11 [WARNING] mon_monitor.collector: 第 3/3 次请求失败 (ConnectionError): HTTPSConnectionPool(host='app.okx.com', port=443): Max retries exceeded with url: /api/v5/public/instruments?instType=SW，等待 4.0 秒
2026-02-19 15:54:15 [WARNING] mon_monitor.collector: binance 不支持 symbol MONUSDT，标记为 missing_market
2026-02-19 15:54:15 [WARNING] mon_monitor.collector: binance: missing_market (symbol=MONUSDT, errors=['symbol_not_found: binance verify failed (symbol_not_found)'])
2026-02-19 15:54:15 [WARNING] mon_monitor.collector: bybit 不支持 symbol MONUSDT，标记为 missing_market
2026-02-19 15:54:15 [WARNING] mon_monitor.collector: 第 1/3 次请求失败 (ConnectionError): HTTPSConnectionPool(host='www.okx.com', port=443): Max retries exceeded with url: /api/v5/public/instruments?instType=SW，等待 1.0 秒
2026-02-19 15:54:16 [WARNING] mon_monitor.collector: 第 2/3 次请求失败 (ConnectionError): HTTPSConnectionPool(host='www.okx.com', port=443): Max retries exceeded with url: /api/v5/public/instruments?instType=SW，等待 2.0 秒
2026-02-19 15:54:18 [WARNING] mon_monitor.collector: 第 3/3 次请求失败 (ConnectionError): HTTPSConnectionPool(host='www.okx.com', port=443): Max retries exceeded with url: /api/v5/public/instruments?instType=SW，等待 4.0 秒
2026-02-19 15:54:22 [WARNING] mon_monitor.collector: 第 1/3 次请求失败 (ConnectionError): HTTPSConnectionPool(host='my.okx.com', port=443): Max retries exceeded with url: /api/v5/public/instruments?instType=SWA，等待 1.0 秒
2026-02-19 15:54:23 [WARNING] mon_monitor.collector: 第 2/3 次请求失败 (ConnectionError): HTTPSConnectionPool(host='my.okx.com', port=443): Max retries exceeded with url: /api/v5/public/instruments?instType=SWA，等待 2.0 秒
2026-02-19 15:54:25 [WARNING] mon_monitor.collector: 第 3/3 次请求失败 (ConnectionError): HTTPSConnectionPool(host='my.okx.com', port=443): Max retries exceeded with url: /api/v5/public/instruments?instType=SWA，等待 4.0 秒
2026-02-19 15:54:29 [WARNING] mon_monitor.collector: okx verify 失败 (symbol=MON-USDT-SWAP): network_error:ConnectionError
2026-02-19 15:54:29 [WARNING] mon_monitor.collector: okx: missing_market (symbol=MON-USDT-SWAP, errors=['network_error: okx verify failed (network_error:ConnectionError)'])
2026-02-19 15:54:29 [WARNING] mon_monitor.collector: bybit: missing_market (symbol=MONUSDT, errors=['symbol_not_found: bybit verify failed (symbol_not_found)'])
2026-02-19 15:54:30 [INFO] mon_monitor: === 轮次完成 ===
2026-02-19 15:54:30 [INFO] mon_monitor: 下次采集将在 60 秒后...
2026-02-19 15:55:30 [INFO] mon_monitor: === 开始采集轮次 2026-02-19T07:55:30.226718+00:00 ===
2026-02-19 15:55:30 [INFO] mon_monitor.collector: 开始并发采集: venues=3 workers=3
2026-02-19 15:55:30 [WARNING] mon_monitor.collector: 第 1/3 次请求失败 (ConnectionError): HTTPSConnectionPool(host='fapi.binance.com', port=443): Max retries exceeded with url: /fapi/v1/ticker/price?symbol=MONU，等待 1.0 秒
2026-02-19 15:55:30 [WARNING] mon_monitor.collector: 第 1/3 次请求失败 (ConnectionError): HTTPSConnectionPool(host='app.okx.com', port=443): Max retries exceeded with url: /api/v5/public/instruments?instType=SW，等待 1.0 秒
2026-02-19 15:55:30 [WARNING] mon_monitor.collector: 第 1/3 次请求失败 (ConnectionError): HTTPSConnectionPool(host='api.bytick.com', port=443): Max retries exceeded with url: /v5/market/instruments-info?categor，等待 1.0 秒
2026-02-19 15:55:31 [WARNING] mon_monitor.collector: 第 2/3 次请求失败 (ConnectionError): HTTPSConnectionPool(host='fapi.binance.com', port=443): Max retries exceeded with url: /fapi/v1/ticker/price?symbol=MONU，等待 2.0 秒
2026-02-19 15:55:31 [WARNING] mon_monitor.collector: 第 2/3 次请求失败 (ConnectionError): HTTPSConnectionPool(host='app.okx.com', port=443): Max retries exceeded with url: /api/v5/public/instruments?instType=SW，等待 2.0 秒
2026-02-19 15:55:31 [WARNING] mon_monitor.collector: 第 2/3 次请求失败 (ConnectionError): HTTPSConnectionPool(host='api.bytick.com', port=443): Max retries exceeded with url: /v5/market/instruments-info?categor，等待 2.0 秒
2026-02-19 15:55:33 [WARNING] mon_monitor.collector: 第 3/3 次请求失败 (ConnectionError): HTTPSConnectionPool(host='fapi.binance.com', port=443): Max retries exceeded with url: /fapi/v1/ticker/price?symbol=MONU，等待 4.0 秒
2026-02-19 15:55:33 [WARNING] mon_monitor.collector: 第 3/3 次请求失败 (ConnectionError): HTTPSConnectionPool(host='api.bytick.com', port=443): Max retries exceeded with url: /v5/market/instruments-info?categor，等待 4.0 秒
2026-02-19 15:55:33 [WARNING] mon_monitor.collector: 第 3/3 次请求失败 (ConnectionError): HTTPSConnectionPool(host='app.okx.com', port=443): Max retries exceeded with url: /api/v5/public/instruments?instType=SW，等待 4.0 秒
2026-02-19 15:55:37 [WARNING] mon_monitor.collector: binance 不支持 symbol MONUSDT，标记为 missing_market
2026-02-19 15:55:37 [WARNING] mon_monitor.collector: binance: missing_market (symbol=MONUSDT, errors=['symbol_not_found: binance verify failed (symbol_not_found)'])
2026-02-19 15:55:37 [WARNING] mon_monitor.collector: bybit 不支持 symbol MONUSDT，标记为 missing_market
2026-02-19 15:55:37 [WARNING] mon_monitor.collector: 第 1/3 次请求失败 (ConnectionError): HTTPSConnectionPool(host='www.okx.com', port=443): Max retries exceeded with url: /api/v5/public/instruments?instType=SW，等待 1.0 秒
2026-02-19 15:55:38 [WARNING] mon_monitor.collector: 第 2/3 次请求失败 (ConnectionError): HTTPSConnectionPool(host='www.okx.com', port=443): Max retries exceeded with url: /api/v5/public/instruments?instType=SW，等待 2.0 秒
2026-02-19 15:55:40 [WARNING] mon_monitor.collector: 第 3/3 次请求失败 (ConnectionError): HTTPSConnectionPool(host='www.okx.com', port=443): Max retries exceeded with url: /api/v5/public/instruments?instType=SW，等待 4.0 秒
2026-02-19 15:55:44 [WARNING] mon_monitor.collector: 第 1/3 次请求失败 (ConnectionError): HTTPSConnectionPool(host='my.okx.com', port=443): Max retries exceeded with url: /api/v5/public/instruments?instType=SWA，等待 1.0 秒
2026-02-19 15:55:45 [WARNING] mon_monitor.collector: 第 2/3 次请求失败 (ConnectionError): HTTPSConnectionPool(host='my.okx.com', port=443): Max retries exceeded with url: /api/v5/public/instruments?instType=SWA，等待 2.0 秒
2026-02-19 15:55:47 [WARNING] mon_monitor.collector: 第 3/3 次请求失败 (ConnectionError): HTTPSConnectionPool(host='my.okx.com', port=443): Max retries exceeded with url: /api/v5/public/instruments?instType=SWA，等待 4.0 秒
2026-02-19 15:55:51 [WARNING] mon_monitor.collector: okx verify 失败 (symbol=MON-USDT-SWAP): network_error:ConnectionError
2026-02-19 15:55:51 [WARNING] mon_monitor.collector: okx: missing_market (symbol=MON-USDT-SWAP, errors=['network_error: okx verify failed (network_error:ConnectionError)'])
2026-02-19 15:55:51 [WARNING] mon_monitor.collector: bybit: missing_market (symbol=MONUSDT, errors=['symbol_not_found: bybit verify failed (symbol_not_found)'])
2026-02-19 15:55:51 [INFO] mon_monitor: === 轮次完成 ===
2026-02-19 15:55:51 [INFO] mon_monitor: 下次采集将在 60 秒后...
2026-02-19 15:56:51 [INFO] mon_monitor: === 开始采集轮次 2026-02-19T07:56:51.532332+00:00 ===
2026-02-19 15:56:51 [INFO] mon_monitor.collector: 开始并发采集: venues=3 workers=3
2026-02-19 15:56:51 [WARNING] mon_monitor.collector: 第 1/3 次请求失败 (ConnectionError): HTTPSConnectionPool(host='api.bytick.com', port=443): Max retries exceeded with url: /v5/market/instruments-info?categor，等待 1.0 秒
2026-02-19 15:56:51 [WARNING] mon_monitor.collector: 第 1/3 次请求失败 (ConnectionError): HTTPSConnectionPool(host='app.okx.com', port=443): Max retries exceeded with url: /api/v5/public/instruments?instType=SW，等待 1.0 秒
2026-02-19 15:56:51 [WARNING] mon_monitor.collector: 第 1/3 次请求失败 (ConnectionError): HTTPSConnectionPool(host='fapi.binance.com', port=443): Max retries exceeded with url: /fapi/v1/ticker/price?symbol=MONU，等待 1.0 秒
2026-02-19 15:56:52 [WARNING] mon_monitor.collector: 第 2/3 次请求失败 (ConnectionError): HTTPSConnectionPool(host='api.bytick.com', port=443): Max retries exceeded with url: /v5/market/instruments-info?categor，等待 2.0 秒
2026-02-19 15:56:52 [WARNING] mon_monitor.collector: 第 2/3 次请求失败 (ConnectionError): HTTPSConnectionPool(host='fapi.binance.com', port=443): Max retries exceeded with url: /fapi/v1/ticker/price?symbol=MONU，等待 2.0 秒
2026-02-19 15:56:52 [WARNING] mon_monitor.collector: 第 2/3 次请求失败 (ConnectionError): HTTPSConnectionPool(host='app.okx.com', port=443): Max retries exceeded with url: /api/v5/public/instruments?instType=SW，等待 2.0 秒
2026-02-19 15:56:54 [WARNING] mon_monitor.collector: 第 3/3 次请求失败 (ConnectionError): HTTPSConnectionPool(host='api.bytick.com', port=443): Max retries exceeded with url: /v5/market/instruments-info?categor，等待 4.0 秒
2026-02-19 15:56:54 [WARNING] mon_monitor.collector: 第 3/3 次请求失败 (ConnectionError): HTTPSConnectionPool(host='fapi.binance.com', port=443): Max retries exceeded with url: /fapi/v1/ticker/price?symbol=MONU，等待 4.0 秒
2026-02-19 15:56:54 [WARNING] mon_monitor.collector: 第 3/3 次请求失败 (ConnectionError): HTTPSConnectionPool(host='app.okx.com', port=443): Max retries exceeded with url: /api/v5/public/instruments?instType=SW，等待 4.0 秒
2026-02-19 15:56:58 [WARNING] mon_monitor.collector: bybit 不支持 symbol MONUSDT，标记为 missing_market
2026-02-19 15:56:58 [WARNING] mon_monitor.collector: binance 不支持 symbol MONUSDT，标记为 missing_market
2026-02-19 15:56:58 [WARNING] mon_monitor.collector: 第 1/3 次请求失败 (ConnectionError): HTTPSConnectionPool(host='www.okx.com', port=443): Max retries exceeded with url: /api/v5/public/instruments?instType=SW，等待 1.0 秒
2026-02-19 15:56:58 [WARNING] mon_monitor.collector: binance: missing_market (symbol=MONUSDT, errors=['symbol_not_found: binance verify failed (symbol_not_found)'])
2026-02-19 15:56:59 [WARNING] mon_monitor.collector: 第 2/3 次请求失败 (ConnectionError): HTTPSConnectionPool(host='www.okx.com', port=443): Max retries exceeded with url: /api/v5/public/instruments?instType=SW，等待 2.0 秒
2026-02-19 15:57:01 [WARNING] mon_monitor.collector: 第 3/3 次请求失败 (ConnectionError): HTTPSConnectionPool(host='www.okx.com', port=443): Max retries exceeded with url: /api/v5/public/instruments?instType=SW，等待 4.0 秒
2026-02-19 15:57:05 [WARNING] mon_monitor.collector: 第 1/3 次请求失败 (ConnectionError): HTTPSConnectionPool(host='my.okx.com', port=443): Max retries exceeded with url: /api/v5/public/instruments?instType=SWA，等待 1.0 秒
2026-02-19 15:57:06 [WARNING] mon_monitor.collector: 第 2/3 次请求失败 (ConnectionError): HTTPSConnectionPool(host='my.okx.com', port=443): Max retries exceeded with url: /api/v5/public/instruments?instType=SWA，等待 2.0 秒
2026-02-19 15:57:08 [WARNING] mon_monitor.collector: 第 3/3 次请求失败 (ConnectionError): HTTPSConnectionPool(host='my.okx.com', port=443): Max retries exceeded with url: /api/v5/public/instruments?instType=SWA，等待 4.0 秒
2026-02-19 15:57:12 [WARNING] mon_monitor.collector: okx verify 失败 (symbol=MON-USDT-SWAP): network_error:ConnectionError
2026-02-19 15:57:12 [WARNING] mon_monitor.collector: okx: missing_market (symbol=MON-USDT-SWAP, errors=['network_error: okx verify failed (network_error:ConnectionError)'])
2026-02-19 15:57:12 [WARNING] mon_monitor.collector: bybit: missing_market (symbol=MONUSDT, errors=['symbol_not_found: bybit verify failed (symbol_not_found)'])
2026-02-19 15:57:12 [INFO] mon_monitor: === 轮次完成 ===
2026-02-19 15:57:12 [INFO] mon_monitor: 下次采集将在 60 秒后...
2026-02-19 15:58:12 [INFO] mon_monitor: === 开始采集轮次 2026-02-19T07:58:12.856399+00:00 ===
2026-02-19 15:58:12 [INFO] mon_monitor.collector: 开始并发采集: venues=3 workers=3
2026-02-19 15:58:12 [WARNING] mon_monitor.collector: 第 1/3 次请求失败 (ConnectionError): HTTPSConnectionPool(host='app.okx.com', port=443): Max retries exceeded with url: /api/v5/public/instruments?instType=SW，等待 1.0 秒
2026-02-19 15:58:12 [WARNING] mon_monitor.collector: 第 1/3 次请求失败 (ConnectionError): HTTPSConnectionPool(host='fapi.binance.com', port=443): Max retries exceeded with url: /fapi/v1/ticker/price?symbol=MONU，等待 1.0 秒
2026-02-19 15:58:12 [WARNING] mon_monitor.collector: 第 1/3 次请求失败 (ConnectionError): HTTPSConnectionPool(host='api.bytick.com', port=443): Max retries exceeded with url: /v5/market/instruments-info?categor，等待 1.0 秒
2026-02-19 15:58:13 [WARNING] mon_monitor.collector: 第 2/3 次请求失败 (ConnectionError): HTTPSConnectionPool(host='api.bytick.com', port=443): Max retries exceeded with url: /v5/market/instruments-info?categor，等待 2.0 秒
2026-02-19 15:58:13 [WARNING] mon_monitor.collector: 第 2/3 次请求失败 (ConnectionError): HTTPSConnectionPool(host='fapi.binance.com', port=443): Max retries exceeded with url: /fapi/v1/ticker/price?symbol=MONU，等待 2.0 秒
2026-02-19 15:58:13 [WARNING] mon_monitor.collector: 第 2/3 次请求失败 (ConnectionError): HTTPSConnectionPool(host='app.okx.com', port=443): Max retries exceeded with url: /api/v5/public/instruments?instType=SW，等待 2.0 秒
2026-02-19 15:58:15 [WARNING] mon_monitor.collector: 第 3/3 次请求失败 (ConnectionError): HTTPSConnectionPool(host='api.bytick.com', port=443): Max retries exceeded with url: /v5/market/instruments-info?categor，等待 4.0 秒
2026-02-19 15:58:15 [WARNING] mon_monitor.collector: 第 3/3 次请求失败 (ConnectionError): HTTPSConnectionPool(host='fapi.binance.com', port=443): Max retries exceeded with url: /fapi/v1/ticker/price?symbol=MONU，等待 4.0 秒
2026-02-19 15:58:15 [WARNING] mon_monitor.collector: 第 3/3 次请求失败 (ConnectionError): HTTPSConnectionPool(host='app.okx.com', port=443): Max retries exceeded with url: /api/v5/public/instruments?instType=SW，等待 4.0 秒
2026-02-19 15:58:19 [WARNING] mon_monitor.collector: bybit 不支持 symbol MONUSDT，标记为 missing_market
2026-02-19 15:58:19 [WARNING] mon_monitor.collector: binance 不支持 symbol MONUSDT，标记为 missing_market
2026-02-19 15:58:19 [WARNING] mon_monitor.collector: binance: missing_market (symbol=MONUSDT, errors=['symbol_not_found: binance verify failed (symbol_not_found)'])
2026-02-19 15:58:19 [WARNING] mon_monitor.collector: 第 1/3 次请求失败 (ConnectionError): HTTPSConnectionPool(host='www.okx.com', port=443): Max retries exceeded with url: /api/v5/public/instruments?instType=SW，等待 1.0 秒
2026-02-19 15:58:20 [WARNING] mon_monitor.collector: 第 2/3 次请求失败 (ConnectionError): HTTPSConnectionPool(host='www.okx.com', port=443): Max retries exceeded with url: /api/v5/public/instruments?instType=SW，等待 2.0 秒
2026-02-19 15:58:22 [WARNING] mon_monitor.collector: 第 3/3 次请求失败 (ConnectionError): HTTPSConnectionPool(host='www.okx.com', port=443): Max retries exceeded with url: /api/v5/public/instruments?instType=SW，等待 4.0 秒
2026-02-19 15:58:26 [WARNING] mon_monitor.collector: 第 1/3 次请求失败 (ConnectionError): HTTPSConnectionPool(host='my.okx.com', port=443): Max retries exceeded with url: /api/v5/public/instruments?instType=SWA，等待 1.0 秒
2026-02-19 15:58:27 [WARNING] mon_monitor.collector: 第 2/3 次请求失败 (ConnectionError): HTTPSConnectionPool(host='my.okx.com', port=443): Max retries exceeded with url: /api/v5/public/instruments?instType=SWA，等待 2.0 秒
2026-02-19 15:58:29 [WARNING] mon_monitor.collector: 第 3/3 次请求失败 (ConnectionError): HTTPSConnectionPool(host='my.okx.com', port=443): Max retries exceeded with url: /api/v5/public/instruments?instType=SWA，等待 4.0 秒
2026-02-19 15:58:33 [WARNING] mon_monitor.collector: okx verify 失败 (symbol=MON-USDT-SWAP): network_error:ConnectionError
2026-02-19 15:58:33 [WARNING] mon_monitor.collector: okx: missing_market (symbol=MON-USDT-SWAP, errors=['network_error: okx verify failed (network_error:ConnectionError)'])
2026-02-19 15:58:33 [WARNING] mon_monitor.collector: bybit: missing_market (symbol=MONUSDT, errors=['symbol_not_found: bybit verify failed (symbol_not_found)'])
2026-02-19 15:58:34 [INFO] mon_monitor: === 轮次完成 ===
2026-02-19 15:58:34 [INFO] mon_monitor: 下次采集将在 60 秒后...
2026-02-19 15:59:34 [INFO] mon_monitor: === 开始采集轮次 2026-02-19T07:59:34.188675+00:00 ===
2026-02-19 15:59:34 [INFO] mon_monitor.collector: 开始并发采集: venues=3 workers=3
2026-02-19 15:59:34 [WARNING] mon_monitor.collector: 第 1/3 次请求失败 (ConnectionError): HTTPSConnectionPool(host='fapi.binance.com', port=443): Max retries exceeded with url: /fapi/v1/ticker/price?symbol=MONU，等待 1.0 秒
2026-02-19 15:59:34 [WARNING] mon_monitor.collector: 第 1/3 次请求失败 (ConnectionError): HTTPSConnectionPool(host='app.okx.com', port=443): Max retries exceeded with url: /api/v5/public/instruments?instType=SW，等待 1.0 秒
2026-02-19 15:59:34 [WARNING] mon_monitor.collector: 第 1/3 次请求失败 (ConnectionError): HTTPSConnectionPool(host='api.bytick.com', port=443): Max retries exceeded with url: /v5/market/instruments-info?categor，等待 1.0 秒
2026-02-19 15:59:35 [WARNING] mon_monitor.collector: 第 2/3 次请求失败 (ConnectionError): HTTPSConnectionPool(host='fapi.binance.com', port=443): Max retries exceeded with url: /fapi/v1/ticker/price?symbol=MONU，等待 2.0 秒
2026-02-19 15:59:35 [WARNING] mon_monitor.collector: 第 2/3 次请求失败 (ConnectionError): HTTPSConnectionPool(host='app.okx.com', port=443): Max retries exceeded with url: /api/v5/public/instruments?instType=SW，等待 2.0 秒
2026-02-19 15:59:35 [WARNING] mon_monitor.collector: 第 2/3 次请求失败 (ConnectionError): HTTPSConnectionPool(host='api.bytick.com', port=443): Max retries exceeded with url: /v5/market/instruments-info?categor，等待 2.0 秒
2026-02-19 15:59:37 [WARNING] mon_monitor.collector: 第 3/3 次请求失败 (ConnectionError): HTTPSConnectionPool(host='fapi.binance.com', port=443): Max retries exceeded with url: /fapi/v1/ticker/price?symbol=MONU，等待 4.0 秒
2026-02-19 15:59:37 [WARNING] mon_monitor.collector: 第 3/3 次请求失败 (ConnectionError): HTTPSConnectionPool(host='app.okx.com', port=443): Max retries exceeded with url: /api/v5/public/instruments?instType=SW，等待 4.0 秒
2026-02-19 15:59:37 [WARNING] mon_monitor.collector: 第 3/3 次请求失败 (ConnectionError): HTTPSConnectionPool(host='api.bytick.com', port=443): Max retries exceeded with url: /v5/market/instruments-info?categor，等待 4.0 秒
2026-02-19 15:59:41 [WARNING] mon_monitor.collector: binance 不支持 symbol MONUSDT，标记为 missing_market
2026-02-19 15:59:41 [WARNING] mon_monitor.collector: binance: missing_market (symbol=MONUSDT, errors=['symbol_not_found: binance verify failed (symbol_not_found)'])
2026-02-19 15:59:41 [WARNING] mon_monitor.collector: 第 1/3 次请求失败 (ConnectionError): HTTPSConnectionPool(host='www.okx.com', port=443): Max retries exceeded with url: /api/v5/public/instruments?instType=SW，等待 1.0 秒
2026-02-19 15:59:41 [WARNING] mon_monitor.collector: bybit 不支持 symbol MONUSDT，标记为 missing_market
2026-02-19 15:59:42 [WARNING] mon_monitor.collector: 第 2/3 次请求失败 (ConnectionError): HTTPSConnectionPool(host='www.okx.com', port=443): Max retries exceeded with url: /api/v5/public/instruments?instType=SW，等待 2.0 秒
2026-02-19 15:59:44 [WARNING] mon_monitor.collector: 第 3/3 次请求失败 (ConnectionError): HTTPSConnectionPool(host='www.okx.com', port=443): Max retries exceeded with url: /api/v5/public/instruments?instType=SW，等待 4.0 秒
2026-02-19 15:59:48 [WARNING] mon_monitor.collector: 第 1/3 次请求失败 (ConnectionError): HTTPSConnectionPool(host='my.okx.com', port=443): Max retries exceeded with url: /api/v5/public/instruments?instType=SWA，等待 1.0 秒
2026-02-19 15:59:49 [WARNING] mon_monitor.collector: 第 2/3 次请求失败 (ConnectionError): HTTPSConnectionPool(host='my.okx.com', port=443): Max retries exceeded with url: /api/v5/public/instruments?instType=SWA，等待 2.0 秒
2026-02-19 15:59:51 [WARNING] mon_monitor.collector: 第 3/3 次请求失败 (ConnectionError): HTTPSConnectionPool(host='my.okx.com', port=443): Max retries exceeded with url: /api/v5/public/instruments?instType=SWA，等待 4.0 秒
2026-02-19 15:59:55 [WARNING] mon_monitor.collector: okx verify 失败 (symbol=MON-USDT-SWAP): network_error:ConnectionError
2026-02-19 15:59:55 [WARNING] mon_monitor.collector: okx: missing_market (symbol=MON-USDT-SWAP, errors=['network_error: okx verify failed (network_error:ConnectionError)'])
2026-02-19 15:59:55 [WARNING] mon_monitor.collector: bybit: missing_market (symbol=MONUSDT, errors=['symbol_not_found: bybit verify failed (symbol_not_found)'])
2026-02-19 15:59:55 [INFO] mon_monitor: === 轮次完成 ===
2026-02-19 15:59:55 [INFO] mon_monitor: 下次采集将在 60 秒后...
2026-02-19 16:00:55 [INFO] mon_monitor: === 开始采集轮次 2026-02-19T08:00:55.543113+00:00 ===
2026-02-19 16:00:55 [INFO] mon_monitor.collector: 开始并发采集: venues=3 workers=3
2026-02-19 16:00:55 [WARNING] mon_monitor.collector: 第 1/3 次请求失败 (ConnectionError): HTTPSConnectionPool(host='app.okx.com', port=443): Max retries exceeded with url: /api/v5/public/instruments?instType=SW，等待 1.0 秒
2026-02-19 16:00:55 [WARNING] mon_monitor.collector: 第 1/3 次请求失败 (ConnectionError): HTTPSConnectionPool(host='fapi.binance.com', port=443): Max retries exceeded with url: /fapi/v1/ticker/price?symbol=MONU，等待 1.0 秒
2026-02-19 16:00:55 [WARNING] mon_monitor.collector: 第 1/3 次请求失败 (ConnectionError): HTTPSConnectionPool(host='api.bytick.com', port=443): Max retries exceeded with url: /v5/market/instruments-info?categor，等待 1.0 秒
2026-02-19 16:00:56 [WARNING] mon_monitor.collector: 第 2/3 次请求失败 (ConnectionError): HTTPSConnectionPool(host='app.okx.com', port=443): Max retries exceeded with url: /api/v5/public/instruments?instType=SW，等待 2.0 秒
2026-02-19 16:00:56 [WARNING] mon_monitor.collector: 第 2/3 次请求失败 (ConnectionError): HTTPSConnectionPool(host='api.bytick.com', port=443): Max retries exceeded with url: /v5/market/instruments-info?categor，等待 2.0 秒
2026-02-19 16:00:56 [WARNING] mon_monitor.collector: 第 2/3 次请求失败 (ConnectionError): HTTPSConnectionPool(host='fapi.binance.com', port=443): Max retries exceeded with url: /fapi/v1/ticker/price?symbol=MONU，等待 2.0 秒
2026-02-19 16:00:58 [WARNING] mon_monitor.collector: 第 3/3 次请求失败 (ConnectionError): HTTPSConnectionPool(host='fapi.binance.com', port=443): Max retries exceeded with url: /fapi/v1/ticker/price?symbol=MONU，等待 4.0 秒
2026-02-19 16:00:58 [WARNING] mon_monitor.collector: 第 3/3 次请求失败 (ConnectionError): HTTPSConnectionPool(host='api.bytick.com', port=443): Max retries exceeded with url: /v5/market/instruments-info?categor，等待 4.0 秒
2026-02-19 16:00:58 [WARNING] mon_monitor.collector: 第 3/3 次请求失败 (ConnectionError): HTTPSConnectionPool(host='app.okx.com', port=443): Max retries exceeded with url: /api/v5/public/instruments?instType=SW，等待 4.0 秒
2026-02-19 16:01:02 [WARNING] mon_monitor.collector: binance 不支持 symbol MONUSDT，标记为 missing_market
2026-02-19 16:01:02 [WARNING] mon_monitor.collector: binance: missing_market (symbol=MONUSDT, errors=['symbol_not_found: binance verify failed (symbol_not_found)'])
2026-02-19 16:01:02 [WARNING] mon_monitor.collector: bybit 不支持 symbol MONUSDT，标记为 missing_market
2026-02-19 16:01:02 [WARNING] mon_monitor.collector: 第 1/3 次请求失败 (ConnectionError): HTTPSConnectionPool(host='www.okx.com', port=443): Max retries exceeded with url: /api/v5/public/instruments?instType=SW，等待 1.0 秒
2026-02-19 16:01:03 [WARNING] mon_monitor.collector: 第 2/3 次请求失败 (ConnectionError): HTTPSConnectionPool(host='www.okx.com', port=443): Max retries exceeded with url: /api/v5/public/instruments?instType=SW，等待 2.0 秒
2026-02-19 16:01:05 [WARNING] mon_monitor.collector: 第 3/3 次请求失败 (ConnectionError): HTTPSConnectionPool(host='www.okx.com', port=443): Max retries exceeded with url: /api/v5/public/instruments?instType=SW，等待 4.0 秒
2026-02-19 16:01:09 [WARNING] mon_monitor.collector: 第 1/3 次请求失败 (ConnectionError): HTTPSConnectionPool(host='my.okx.com', port=443): Max retries exceeded with url: /api/v5/public/instruments?instType=SWA，等待 1.0 秒
2026-02-19 16:01:10 [WARNING] mon_monitor.collector: 第 2/3 次请求失败 (ConnectionError): HTTPSConnectionPool(host='my.okx.com', port=443): Max retries exceeded with url: /api/v5/public/instruments?instType=SWA，等待 2.0 秒
2026-02-19 16:01:12 [WARNING] mon_monitor.collector: 第 3/3 次请求失败 (ConnectionError): HTTPSConnectionPool(host='my.okx.com', port=443): Max retries exceeded with url: /api/v5/public/instruments?instType=SWA，等待 4.0 秒
2026-02-19 16:01:16 [WARNING] mon_monitor.collector: okx verify 失败 (symbol=MON-USDT-SWAP): network_error:ConnectionError
2026-02-19 16:01:16 [WARNING] mon_monitor.collector: okx: missing_market (symbol=MON-USDT-SWAP, errors=['network_error: okx verify failed (network_error:ConnectionError)'])
2026-02-19 16:01:16 [WARNING] mon_monitor.collector: bybit: missing_market (symbol=MONUSDT, errors=['symbol_not_found: bybit verify failed (symbol_not_found)'])
2026-02-19 16:01:16 [INFO] mon_monitor: === 轮次完成 ===
2026-02-19 16:01:16 [INFO] mon_monitor: 下次采集将在 60 秒后...
2026-02-19 16:02:16 [INFO] mon_monitor: === 开始采集轮次 2026-02-19T08:02:16.868294+00:00 ===
2026-02-19 16:02:16 [INFO] mon_monitor.collector: 开始并发采集: venues=3 workers=3
2026-02-19 16:02:16 [WARNING] mon_monitor.collector: 第 1/3 次请求失败 (ConnectionError): HTTPSConnectionPool(host='fapi.binance.com', port=443): Max retries exceeded with url: /fapi/v1/ticker/price?symbol=MONU，等待 1.0 秒
2026-02-19 16:02:16 [WARNING] mon_monitor.collector: 第 1/3 次请求失败 (ConnectionError): HTTPSConnectionPool(host='api.bytick.com', port=443): Max retries exceeded with url: /v5/market/instruments-info?categor，等待 1.0 秒
2026-02-19 16:02:16 [WARNING] mon_monitor.collector: 第 1/3 次请求失败 (ConnectionError): HTTPSConnectionPool(host='app.okx.com', port=443): Max retries exceeded with url: /api/v5/public/instruments?instType=SW，等待 1.0 秒
2026-02-19 16:02:17 [WARNING] mon_monitor.collector: 第 2/3 次请求失败 (ConnectionError): HTTPSConnectionPool(host='fapi.binance.com', port=443): Max retries exceeded with url: /fapi/v1/ticker/price?symbol=MONU，等待 2.0 秒
2026-02-19 16:02:17 [WARNING] mon_monitor.collector: 第 2/3 次请求失败 (ConnectionError): HTTPSConnectionPool(host='api.bytick.com', port=443): Max retries exceeded with url: /v5/market/instruments-info?categor，等待 2.0 秒
2026-02-19 16:02:17 [WARNING] mon_monitor.collector: 第 2/3 次请求失败 (ConnectionError): HTTPSConnectionPool(host='app.okx.com', port=443): Max retries exceeded with url: /api/v5/public/instruments?instType=SW，等待 2.0 秒
2026-02-19 16:02:19 [WARNING] mon_monitor.collector: 第 3/3 次请求失败 (ConnectionError): HTTPSConnectionPool(host='fapi.binance.com', port=443): Max retries exceeded with url: /fapi/v1/ticker/price?symbol=MONU，等待 4.0 秒
2026-02-19 16:02:19 [WARNING] mon_monitor.collector: 第 3/3 次请求失败 (ConnectionError): HTTPSConnectionPool(host='app.okx.com', port=443): Max retries exceeded with url: /api/v5/public/instruments?instType=SW，等待 4.0 秒
2026-02-19 16:02:19 [WARNING] mon_monitor.collector: 第 3/3 次请求失败 (ConnectionError): HTTPSConnectionPool(host='api.bytick.com', port=443): Max retries exceeded with url: /v5/market/instruments-info?categor，等待 4.0 秒
2026-02-19 16:02:23 [WARNING] mon_monitor.collector: binance 不支持 symbol MONUSDT，标记为 missing_market
2026-02-19 16:02:23 [WARNING] mon_monitor.collector: binance: missing_market (symbol=MONUSDT, errors=['symbol_not_found: binance verify failed (symbol_not_found)'])
2026-02-19 16:02:23 [WARNING] mon_monitor.collector: bybit 不支持 symbol MONUSDT，标记为 missing_market
2026-02-19 16:02:23 [WARNING] mon_monitor.collector: 第 1/3 次请求失败 (ConnectionError): HTTPSConnectionPool(host='www.okx.com', port=443): Max retries exceeded with url: /api/v5/public/instruments?instType=SW，等待 1.0 秒
2026-02-19 16:02:24 [WARNING] mon_monitor.collector: 第 2/3 次请求失败 (ConnectionError): HTTPSConnectionPool(host='www.okx.com', port=443): Max retries exceeded with url: /api/v5/public/instruments?instType=SW，等待 2.0 秒
2026-02-19 16:02:26 [WARNING] mon_monitor.collector: 第 3/3 次请求失败 (ConnectionError): HTTPSConnectionPool(host='www.okx.com', port=443): Max retries exceeded with url: /api/v5/public/instruments?instType=SW，等待 4.0 秒
2026-02-19 16:02:30 [WARNING] mon_monitor.collector: 第 1/3 次请求失败 (ConnectionError): HTTPSConnectionPool(host='my.okx.com', port=443): Max retries exceeded with url: /api/v5/public/instruments?instType=SWA，等待 1.0 秒
2026-02-19 16:02:31 [WARNING] mon_monitor.collector: 第 2/3 次请求失败 (ConnectionError): HTTPSConnectionPool(host='my.okx.com', port=443): Max retries exceeded with url: /api/v5/public/instruments?instType=SWA，等待 2.0 秒
2026-02-19 16:02:33 [WARNING] mon_monitor.collector: 第 3/3 次请求失败 (ConnectionError): HTTPSConnectionPool(host='my.okx.com', port=443): Max retries exceeded with url: /api/v5/public/instruments?instType=SWA，等待 4.0 秒
2026-02-19 16:02:37 [WARNING] mon_monitor.collector: okx verify 失败 (symbol=MON-USDT-SWAP): network_error:ConnectionError
2026-02-19 16:02:37 [WARNING] mon_monitor.collector: okx: missing_market (symbol=MON-USDT-SWAP, errors=['network_error: okx verify failed (network_error:ConnectionError)'])
2026-02-19 16:02:37 [WARNING] mon_monitor.collector: bybit: missing_market (symbol=MONUSDT, errors=['symbol_not_found: bybit verify failed (symbol_not_found)'])
2026-02-19 16:02:38 [INFO] mon_monitor: === 轮次完成 ===
2026-02-19 16:02:38 [INFO] mon_monitor: 下次采集将在 60 秒后...
2026-02-19 16:03:38 [INFO] mon_monitor: === 开始采集轮次 2026-02-19T08:03:38.277112+00:00 ===
2026-02-19 16:03:38 [INFO] mon_monitor.collector: 开始并发采集: venues=3 workers=3
2026-02-19 16:03:38 [WARNING] mon_monitor.collector: 第 1/3 次请求失败 (ConnectionError): HTTPSConnectionPool(host='api.bytick.com', port=443): Max retries exceeded with url: /v5/market/instruments-info?categor，等待 1.0 秒
2026-02-19 16:03:38 [WARNING] mon_monitor.collector: 第 1/3 次请求失败 (ConnectionError): HTTPSConnectionPool(host='app.okx.com', port=443): Max retries exceeded with url: /api/v5/public/instruments?instType=SW，等待 1.0 秒
2026-02-19 16:03:38 [WARNING] mon_monitor.collector: 第 1/3 次请求失败 (ConnectionError): HTTPSConnectionPool(host='fapi.binance.com', port=443): Max retries exceeded with url: /fapi/v1/ticker/price?symbol=MONU，等待 1.0 秒
2026-02-19 16:03:39 [WARNING] mon_monitor.collector: 第 2/3 次请求失败 (ConnectionError): HTTPSConnectionPool(host='api.bytick.com', port=443): Max retries exceeded with url: /v5/market/instruments-info?categor，等待 2.0 秒
2026-02-19 16:03:39 [WARNING] mon_monitor.collector: 第 2/3 次请求失败 (ConnectionError): HTTPSConnectionPool(host='app.okx.com', port=443): Max retries exceeded with url: /api/v5/public/instruments?instType=SW，等待 2.0 秒
2026-02-19 16:03:39 [WARNING] mon_monitor.collector: 第 2/3 次请求失败 (ConnectionError): HTTPSConnectionPool(host='fapi.binance.com', port=443): Max retries exceeded with url: /fapi/v1/ticker/price?symbol=MONU，等待 2.0 秒
2026-02-19 16:03:41 [WARNING] mon_monitor.collector: 第 3/3 次请求失败 (ConnectionError): HTTPSConnectionPool(host='api.bytick.com', port=443): Max retries exceeded with url: /v5/market/instruments-info?categor，等待 4.0 秒
2026-02-19 16:03:41 [WARNING] mon_monitor.collector: 第 3/3 次请求失败 (ConnectionError): HTTPSConnectionPool(host='fapi.binance.com', port=443): Max retries exceeded with url: /fapi/v1/ticker/price?symbol=MONU，等待 4.0 秒
2026-02-19 16:03:41 [WARNING] mon_monitor.collector: 第 3/3 次请求失败 (ConnectionError): HTTPSConnectionPool(host='app.okx.com', port=443): Max retries exceeded with url: /api/v5/public/instruments?instType=SW，等待 4.0 秒
2026-02-19 16:03:45 [WARNING] mon_monitor.collector: bybit 不支持 symbol MONUSDT，标记为 missing_market
2026-02-19 16:03:45 [WARNING] mon_monitor.collector: binance 不支持 symbol MONUSDT，标记为 missing_market
2026-02-19 16:03:45 [WARNING] mon_monitor.collector: binance: missing_market (symbol=MONUSDT, errors=['symbol_not_found: binance verify failed (symbol_not_found)'])
2026-02-19 16:03:45 [WARNING] mon_monitor.collector: 第 1/3 次请求失败 (ConnectionError): HTTPSConnectionPool(host='www.okx.com', port=443): Max retries exceeded with url: /api/v5/public/instruments?instType=SW，等待 1.0 秒
2026-02-19 16:03:46 [WARNING] mon_monitor.collector: 第 2/3 次请求失败 (ConnectionError): HTTPSConnectionPool(host='www.okx.com', port=443): Max retries exceeded with url: /api/v5/public/instruments?instType=SW，等待 2.0 秒
2026-02-19 16:03:48 [WARNING] mon_monitor.collector: 第 3/3 次请求失败 (ConnectionError): HTTPSConnectionPool(host='www.okx.com', port=443): Max retries exceeded with url: /api/v5/public/instruments?instType=SW，等待 4.0 秒
2026-02-19 16:03:52 [WARNING] mon_monitor.collector: 第 1/3 次请求失败 (ConnectionError): HTTPSConnectionPool(host='my.okx.com', port=443): Max retries exceeded with url: /api/v5/public/instruments?instType=SWA，等待 1.0 秒
2026-02-19 16:03:53 [WARNING] mon_monitor.collector: 第 2/3 次请求失败 (ConnectionError): HTTPSConnectionPool(host='my.okx.com', port=443): Max retries exceeded with url: /api/v5/public/instruments?instType=SWA，等待 2.0 秒
2026-02-19 16:03:55 [WARNING] mon_monitor.collector: 第 3/3 次请求失败 (ConnectionError): HTTPSConnectionPool(host='my.okx.com', port=443): Max retries exceeded with url: /api/v5/public/instruments?instType=SWA，等待 4.0 秒
2026-02-19 16:03:59 [WARNING] mon_monitor.collector: okx verify 失败 (symbol=MON-USDT-SWAP): network_error:ConnectionError
2026-02-19 16:03:59 [WARNING] mon_monitor.collector: okx: missing_market (symbol=MON-USDT-SWAP, errors=['network_error: okx verify failed (network_error:ConnectionError)'])
2026-02-19 16:03:59 [WARNING] mon_monitor.collector: bybit: missing_market (symbol=MONUSDT, errors=['symbol_not_found: bybit verify failed (symbol_not_found)'])
2026-02-19 16:03:59 [INFO] mon_monitor: === 轮次完成 ===
2026-02-19 16:03:59 [INFO] mon_monitor: 下次采集将在 60 秒后...
2026-02-19 16:04:59 [INFO] mon_monitor: === 开始采集轮次 2026-02-19T08:04:59.602651+00:00 ===
2026-02-19 16:04:59 [INFO] mon_monitor.collector: 开始并发采集: venues=3 workers=3
2026-02-19 16:04:59 [WARNING] mon_monitor.collector: 第 1/3 次请求失败 (ConnectionError): HTTPSConnectionPool(host='fapi.binance.com', port=443): Max retries exceeded with url: /fapi/v1/ticker/price?symbol=MONU，等待 1.0 秒
2026-02-19 16:04:59 [WARNING] mon_monitor.collector: 第 1/3 次请求失败 (ConnectionError): HTTPSConnectionPool(host='api.bytick.com', port=443): Max retries exceeded with url: /v5/market/instruments-info?categor，等待 1.0 秒
2026-02-19 16:04:59 [WARNING] mon_monitor.collector: 第 1/3 次请求失败 (ConnectionError): HTTPSConnectionPool(host='app.okx.com', port=443): Max retries exceeded with url: /api/v5/public/instruments?instType=SW，等待 1.0 秒
2026-02-19 16:05:00 [WARNING] mon_monitor.collector: 第 2/3 次请求失败 (ConnectionError): HTTPSConnectionPool(host='fapi.binance.com', port=443): Max retries exceeded with url: /fapi/v1/ticker/price?symbol=MONU，等待 2.0 秒
2026-02-19 16:05:00 [WARNING] mon_monitor.collector: 第 2/3 次请求失败 (ConnectionError): HTTPSConnectionPool(host='api.bytick.com', port=443): Max retries exceeded with url: /v5/market/instruments-info?categor，等待 2.0 秒
2026-02-19 16:05:00 [WARNING] mon_monitor.collector: 第 2/3 次请求失败 (ConnectionError): HTTPSConnectionPool(host='app.okx.com', port=443): Max retries exceeded with url: /api/v5/public/instruments?instType=SW，等待 2.0 秒
2026-02-19 16:05:02 [WARNING] mon_monitor.collector: 第 3/3 次请求失败 (ConnectionError): HTTPSConnectionPool(host='fapi.binance.com', port=443): Max retries exceeded with url: /fapi/v1/ticker/price?symbol=MONU，等待 4.0 秒
2026-02-19 16:05:02 [WARNING] mon_monitor.collector: 第 3/3 次请求失败 (ConnectionError): HTTPSConnectionPool(host='app.okx.com', port=443): Max retries exceeded with url: /api/v5/public/instruments?instType=SW，等待 4.0 秒
2026-02-19 16:05:02 [WARNING] mon_monitor.collector: 第 3/3 次请求失败 (ConnectionError): HTTPSConnectionPool(host='api.bytick.com', port=443): Max retries exceeded with url: /v5/market/instruments-info?categor，等待 4.0 秒
2026-02-19 16:05:06 [WARNING] mon_monitor.collector: binance 不支持 symbol MONUSDT，标记为 missing_market
2026-02-19 16:05:06 [WARNING] mon_monitor.collector: binance: missing_market (symbol=MONUSDT, errors=['symbol_not_found: binance verify failed (symbol_not_found)'])
2026-02-19 16:05:06 [WARNING] mon_monitor.collector: bybit 不支持 symbol MONUSDT，标记为 missing_market
2026-02-19 16:05:06 [WARNING] mon_monitor.collector: 第 1/3 次请求失败 (ConnectionError): HTTPSConnectionPool(host='www.okx.com', port=443): Max retries exceeded with url: /api/v5/public/instruments?instType=SW，等待 1.0 秒
2026-02-19 16:05:07 [WARNING] mon_monitor.collector: 第 2/3 次请求失败 (ConnectionError): HTTPSConnectionPool(host='www.okx.com', port=443): Max retries exceeded with url: /api/v5/public/instruments?instType=SW，等待 2.0 秒
2026-02-19 16:05:09 [WARNING] mon_monitor.collector: 第 3/3 次请求失败 (ConnectionError): HTTPSConnectionPool(host='www.okx.com', port=443): Max retries exceeded with url: /api/v5/public/instruments?instType=SW，等待 4.0 秒
2026-02-19 16:05:13 [WARNING] mon_monitor.collector: 第 1/3 次请求失败 (ConnectionError): HTTPSConnectionPool(host='my.okx.com', port=443): Max retries exceeded with url: /api/v5/public/instruments?instType=SWA，等待 1.0 秒
2026-02-19 16:05:14 [WARNING] mon_monitor.collector: 第 2/3 次请求失败 (ConnectionError): HTTPSConnectionPool(host='my.okx.com', port=443): Max retries exceeded with url: /api/v5/public/instruments?instType=SWA，等待 2.0 秒
2026-02-19 16:05:16 [WARNING] mon_monitor.collector: 第 3/3 次请求失败 (ConnectionError): HTTPSConnectionPool(host='my.okx.com', port=443): Max retries exceeded with url: /api/v5/public/instruments?instType=SWA，等待 4.0 秒
2026-02-19 16:05:20 [WARNING] mon_monitor.collector: okx verify 失败 (symbol=MON-USDT-SWAP): network_error:ConnectionError
2026-02-19 16:05:20 [WARNING] mon_monitor.collector: okx: missing_market (symbol=MON-USDT-SWAP, errors=['network_error: okx verify failed (network_error:ConnectionError)'])
2026-02-19 16:05:20 [WARNING] mon_monitor.collector: bybit: missing_market (symbol=MONUSDT, errors=['symbol_not_found: bybit verify failed (symbol_not_found)'])
2026-02-19 16:05:20 [INFO] mon_monitor: === 轮次完成 ===
2026-02-19 16:05:20 [INFO] mon_monitor: 下次采集将在 60 秒后...
2026-02-19 16:06:20 [INFO] mon_monitor: === 开始采集轮次 2026-02-19T08:06:20.945284+00:00 ===
2026-02-19 16:06:20 [INFO] mon_monitor.collector: 开始并发采集: venues=3 workers=3
2026-02-19 16:06:20 [WARNING] mon_monitor.collector: 第 1/3 次请求失败 (ConnectionError): HTTPSConnectionPool(host='fapi.binance.com', port=443): Max retries exceeded with url: /fapi/v1/ticker/price?symbol=MONU，等待 1.0 秒
2026-02-19 16:06:20 [WARNING] mon_monitor.collector: 第 1/3 次请求失败 (ConnectionError): HTTPSConnectionPool(host='app.okx.com', port=443): Max retries exceeded with url: /api/v5/public/instruments?instType=SW，等待 1.0 秒
2026-02-19 16:06:20 [WARNING] mon_monitor.collector: 第 1/3 次请求失败 (ConnectionError): HTTPSConnectionPool(host='api.bytick.com', port=443): Max retries exceeded with url: /v5/market/instruments-info?categor，等待 1.0 秒
2026-02-19 16:06:21 [WARNING] mon_monitor.collector: 第 2/3 次请求失败 (ConnectionError): HTTPSConnectionPool(host='app.okx.com', port=443): Max retries exceeded with url: /api/v5/public/instruments?instType=SW，等待 2.0 秒
2026-02-19 16:06:21 [WARNING] mon_monitor.collector: 第 2/3 次请求失败 (ConnectionError): HTTPSConnectionPool(host='fapi.binance.com', port=443): Max retries exceeded with url: /fapi/v1/ticker/price?symbol=MONU，等待 2.0 秒
2026-02-19 16:06:21 [WARNING] mon_monitor.collector: 第 2/3 次请求失败 (ConnectionError): HTTPSConnectionPool(host='api.bytick.com', port=443): Max retries exceeded with url: /v5/market/instruments-info?categor，等待 2.0 秒
2026-02-19 16:06:23 [WARNING] mon_monitor.collector: 第 3/3 次请求失败 (ConnectionError): HTTPSConnectionPool(host='app.okx.com', port=443): Max retries exceeded with url: /api/v5/public/instruments?instType=SW，等待 4.0 秒
2026-02-19 16:06:23 [WARNING] mon_monitor.collector: 第 3/3 次请求失败 (ConnectionError): HTTPSConnectionPool(host='fapi.binance.com', port=443): Max retries exceeded with url: /fapi/v1/ticker/price?symbol=MONU，等待 4.0 秒
2026-02-19 16:06:23 [WARNING] mon_monitor.collector: 第 3/3 次请求失败 (ConnectionError): HTTPSConnectionPool(host='api.bytick.com', port=443): Max retries exceeded with url: /v5/market/instruments-info?categor，等待 4.0 秒
2026-02-19 16:06:27 [WARNING] mon_monitor.collector: binance 不支持 symbol MONUSDT，标记为 missing_market
2026-02-19 16:06:27 [WARNING] mon_monitor.collector: bybit 不支持 symbol MONUSDT，标记为 missing_market
2026-02-19 16:06:28 [WARNING] mon_monitor.collector: binance: missing_market (symbol=MONUSDT, errors=['symbol_not_found: binance verify failed (symbol_not_found)'])
2026-02-19 16:06:28 [WARNING] mon_monitor.collector: 第 1/3 次请求失败 (ConnectionError): HTTPSConnectionPool(host='www.okx.com', port=443): Max retries exceeded with url: /api/v5/public/instruments?instType=SW，等待 1.0 秒
2026-02-19 16:06:29 [WARNING] mon_monitor.collector: 第 2/3 次请求失败 (ConnectionError): HTTPSConnectionPool(host='www.okx.com', port=443): Max retries exceeded with url: /api/v5/public/instruments?instType=SW，等待 2.0 秒
2026-02-19 16:06:31 [WARNING] mon_monitor.collector: 第 3/3 次请求失败 (ConnectionError): HTTPSConnectionPool(host='www.okx.com', port=443): Max retries exceeded with url: /api/v5/public/instruments?instType=SW，等待 4.0 秒
2026-02-19 16:06:35 [WARNING] mon_monitor.collector: 第 1/3 次请求失败 (ConnectionError): HTTPSConnectionPool(host='my.okx.com', port=443): Max retries exceeded with url: /api/v5/public/instruments?instType=SWA，等待 1.0 秒
2026-02-19 16:06:36 [WARNING] mon_monitor.collector: 第 2/3 次请求失败 (ConnectionError): HTTPSConnectionPool(host='my.okx.com', port=443): Max retries exceeded with url: /api/v5/public/instruments?instType=SWA，等待 2.0 秒
2026-02-19 16:06:38 [WARNING] mon_monitor.collector: 第 3/3 次请求失败 (ConnectionError): HTTPSConnectionPool(host='my.okx.com', port=443): Max retries exceeded with url: /api/v5/public/instruments?instType=SWA，等待 4.0 秒
2026-02-19 16:06:42 [WARNING] mon_monitor.collector: okx verify 失败 (symbol=MON-USDT-SWAP): network_error:ConnectionError
2026-02-19 16:06:42 [WARNING] mon_monitor.collector: okx: missing_market (symbol=MON-USDT-SWAP, errors=['network_error: okx verify failed (network_error:ConnectionError)'])
2026-02-19 16:06:42 [WARNING] mon_monitor.collector: bybit: missing_market (symbol=MONUSDT, errors=['symbol_not_found: bybit verify failed (symbol_not_found)'])
2026-02-19 16:06:42 [INFO] mon_monitor: === 轮次完成 ===
2026-02-19 16:06:42 [INFO] mon_monitor: 下次采集将在 60 秒后...
